#
# There is insufficient memory for the Java Runtime Environment to continue.
# Native memory allocation (mmap) failed to map 266338304 bytes for Failed to commit area from 0x0000000703200000 to 0x0000000713000000 of length 266338304.
# Possible reasons:
#   The system is out of physical RAM or swap space
#   The process is running with CompressedOops enabled, and the Java Heap may be blocking the growth of the native heap
# Possible solutions:
#   Reduce memory load on the system
#   Increase physical memory or swap space
#   Check if swap backing store is full
#   Decrease Java heap size (-Xmx/-Xms)
#   Decrease number of Java threads
#   Decrease Java thread stack sizes (-Xss)
#   Set larger code cache with -XX:ReservedCodeCacheSize=
# This output file may be truncated or incomplete.
#
#  Out of Memory Error (./src/hotspot/os/windows/os_windows.cpp:3301), pid=12680, tid=17384
#
# JRE version:  (11.0.11+9) (build )
# Java VM: OpenJDK 64-Bit Server VM (11.0.11+9-b60-7590822, mixed mode, sharing, tiered, compressed oops, g1 gc, windows-amd64)
# No core dump will be written. Minidumps are not enabled by default on client versions of Windows
#

---------------  S U M M A R Y ------------

Command Line: org.jetbrains.git4idea.http.GitAskPassApp Username for 'https://github.com': 

Host: 11th Gen Intel(R) Core(TM) i5-1135G7 @ 2.40GHz, 8 cores, 15G,  Windows 10 , 64 bit Build 19041 (10.0.19041.1566)
Time: Fri Apr  1 14:32:31 2022 Paris, Madrid (heure d’été) elapsed time: 0.008466 seconds (0d 0h 0m 0s)

---------------  T H R E A D  ---------------

Current thread (0x000002640762b800):  JavaThread "Unknown thread" [_thread_in_vm, id=17384, stack(0x000000d555b00000,0x000000d555c00000)]

Stack: [0x000000d555b00000,0x000000d555c00000]
Native frames: (J=compiled Java code, j=interpreted, Vv=VM code, C=native code)
V  [jvm.dll+0x5f214a]
V  [jvm.dll+0x726fb5]
V  [jvm.dll+0x7285cd]
V  [jvm.dll+0x728c83]
V  [jvm.dll+0x243278]
V  [jvm.dll+0x5ef544]
V  [jvm.dll+0x5e4495]
V  [jvm.dll+0x2fec5b]
V  [jvm.dll+0x2febca]
V  [jvm.dll+0x2feaa2]
V  [jvm.dll+0x303986]
V  [jvm.dll+0x34c3a3]
V  [jvm.dll+0x34caa6]
V  [jvm.dll+0x34c4a3]
V  [jvm.dll+0x2d9688]
V  [jvm.dll+0x2da837]
V  [jvm.dll+0x705ba7]
V  [jvm.dll+0x70739c]
V  [jvm.dll+0x3598f9]
V  [jvm.dll+0x6e931e]
V  [jvm.dll+0x3c1c43]
V  [jvm.dll+0x3c3e81]
C  [jli.dll+0x5373]
C  [ucrtbase.dll+0x21bb2]
C  [KERNEL32.DLL+0x17034]
C  [ntdll.dll+0x52651]


---------------  P R O C E S S  ---------------

Threads class SMR info:
_java_thread_list=0x00000264055603c0, length=0, elements={
}

Java Threads: ( => current thread )

Other Threads:
  0x0000026407643800 GCTaskThread "GC Thread#0" [stack: 0x000000d555c00000,0x000000d555d00000] [id=5212]
  0x00000264076a1000 ConcurrentGCThread "G1 Main Marker" [stack: 0x000000d555d00000,0x000000d555e00000] [id=9108]
  0x00000264076a2800 ConcurrentGCThread "G1 Conc#0" [stack: 0x000000d555e00000,0x000000d555f00000] [id=6824]

[error occurred during error reporting (printing all threads), id 0xc0000005, EXCEPTION_ACCESS_VIOLATION (0xc0000005) at pc=0x00007fffb3c89c47]

VM state:not at safepoint (not fully initialized)

VM Mutex/Monitor currently owned by a thread:  ([mutex/lock_event])
[0x00000264076285a0] Heap_lock - owner thread: 0x000002640762b800

Heap address: 0x0000000703200000, size: 4046 MB, Compressed Oops mode: Non-zero based: 0x0000000703200000
Narrow klass base: 0x0000000000000000, Narrow klass shift: 0

GC Heap History (0 events):
No events

Deoptimization events (0 events):
No events

Classes redefined (0 events):
No events

Internal exceptions (0 events):
No events

Events (1 events):
Event: 0.005 Loaded shared library D:\Android\jre\bin\zip.dll


Dynamic libraries:
0x00007ff6bd580000 - 0x00007ff6bd58a000 	D:\Android\jre\bin\java.exe
0x00007ffff5cd0000 - 0x00007ffff5ec5000 	C:\Windows\SYSTEM32\ntdll.dll
0x00007ffff5810000 - 0x00007ffff58ce000 	C:\Windows\System32\KERNEL32.DLL
0x00007ffff3790000 - 0x00007ffff3a58000 	C:\Windows\System32\KERNELBASE.dll
0x00007ffff3640000 - 0x00007ffff3740000 	C:\Windows\System32\ucrtbase.dll
0x00007fffdfda0000 - 0x00007fffdfdb9000 	D:\Android\jre\bin\jli.dll
0x00007fffe4820000 - 0x00007fffe4837000 	D:\Android\jre\bin\VCRUNTIME140.dll
0x00007ffff3d30000 - 0x00007ffff3ed0000 	C:\Windows\System32\USER32.dll
0x00007ffff3a60000 - 0x00007ffff3a82000 	C:\Windows\System32\win32u.dll
0x00007fffea840000 - 0x00007fffeaada000 	C:\Windows\WinSxS\amd64_microsoft.windows.common-controls_6595b64144ccf1df_6.0.19041.1110_none_60b5254171f9507e\COMCTL32.dll
0x00007ffff4f60000 - 0x00007ffff4f8b000 	C:\Windows\System32\GDI32.dll
0x00007ffff59a0000 - 0x00007ffff5a3e000 	C:\Windows\System32\msvcrt.dll
0x00007ffff34c0000 - 0x00007ffff35cb000 	C:\Windows\System32\gdi32full.dll
0x00007ffff33f0000 - 0x00007ffff348d000 	C:\Windows\System32\msvcp_win.dll
0x00007ffff5230000 - 0x00007ffff5260000 	C:\Windows\System32\IMM32.DLL
0x00007fffb8bd0000 - 0x00007fffb8c6d000 	D:\Android\jre\bin\msvcp140.dll
0x00007fffb39a0000 - 0x00007fffb4475000 	D:\Android\jre\bin\server\jvm.dll
0x00007ffff5be0000 - 0x00007ffff5c8e000 	C:\Windows\System32\ADVAPI32.dll
0x00007ffff4ec0000 - 0x00007ffff4f5c000 	C:\Windows\System32\sechost.dll
0x00007ffff5aa0000 - 0x00007ffff5bc5000 	C:\Windows\System32\RPCRT4.dll
0x00007ffff5bd0000 - 0x00007ffff5bd8000 	C:\Windows\System32\PSAPI.DLL
0x00007fffdafa0000 - 0x00007fffdafc7000 	C:\Windows\SYSTEM32\WINMM.dll
0x00007fffe4e00000 - 0x00007fffe4e09000 	C:\Windows\SYSTEM32\WSOCK32.dll
0x00007fffedbf0000 - 0x00007fffedbfa000 	C:\Windows\SYSTEM32\VERSION.dll
0x00007ffff58d0000 - 0x00007ffff593b000 	C:\Windows\System32\WS2_32.dll
0x00007ffff1ce0000 - 0x00007ffff1cf2000 	C:\Windows\SYSTEM32\kernel.appcore.dll
0x00007fffed4f0000 - 0x00007fffed501000 	D:\Android\jre\bin\verify.dll
0x00007ffff1710000 - 0x00007ffff18f4000 	C:\Windows\SYSTEM32\DBGHELP.DLL
0x00007fffe5990000 - 0x00007fffe59bc000 	C:\Windows\SYSTEM32\dbgcore.DLL
0x00007ffff3ca0000 - 0x00007ffff3d22000 	C:\Windows\System32\bcryptPrimitives.dll
0x00007fffea810000 - 0x00007fffea839000 	D:\Android\jre\bin\java.dll
0x00007fffeeb50000 - 0x00007fffeeb5b000 	D:\Android\jre\bin\jimage.dll
0x00007fffebef0000 - 0x00007fffebf08000 	D:\Android\jre\bin\zip.dll

dbghelp: loaded successfully - version: 4.0.5 - missing functions: none
symbol engine: initialized successfully - sym options: 0x614 - pdb path: .;D:\Android\jre\bin;C:\Windows\SYSTEM32;C:\Windows\WinSxS\amd64_microsoft.windows.common-controls_6595b64144ccf1df_6.0.19041.1110_none_60b5254171f9507e;D:\Android\jre\bin\server

VM Arguments:
java_command: org.jetbrains.git4idea.http.GitAskPassApp Username for 'https://github.com': 
java_class_path (initial): D:/Android/plugins/git4idea/lib/git4idea-rt.jar;D:/Android/lib/xmlrpc-2.0.1.jar;D:/Android/lib/commons-codec-1.15.jar
Launcher Type: SUN_STANDARD

[Global flags]
     intx CICompilerCount                          = 4                                         {product} {ergonomic}
     uint ConcGCThreads                            = 2                                         {product} {ergonomic}
     uint G1ConcRefinementThreads                  = 8                                         {product} {ergonomic}
   size_t G1HeapRegionSize                         = 1048576                                   {product} {ergonomic}
    uintx GCDrainStackTargetSize                   = 64                                        {product} {ergonomic}
   size_t InitialHeapSize                          = 266338304                                 {product} {ergonomic}
   size_t MarkStackSize                            = 4194304                                   {product} {ergonomic}
   size_t MaxHeapSize                              = 4242538496                                {product} {ergonomic}
   size_t MinHeapDeltaBytes                        = 1048576                                   {product} {ergonomic}
    uintx NonNMethodCodeHeapSize                   = 5836300                                {pd product} {ergonomic}
    uintx NonProfiledCodeHeapSize                  = 122910970                              {pd product} {ergonomic}
    uintx ProfiledCodeHeapSize                     = 122910970                              {pd product} {ergonomic}
    uintx ReservedCodeCacheSize                    = 251658240                              {pd product} {ergonomic}
     bool SegmentedCodeCache                       = true                                      {product} {ergonomic}
     bool UseCompressedClassPointers               = true                                 {lp64_product} {ergonomic}
     bool UseCompressedOops                        = true                                 {lp64_product} {ergonomic}
     bool UseG1GC                                  = true                                      {product} {ergonomic}
     bool UseLargePagesIndividualAllocation        = false                                  {pd product} {ergonomic}

Logging:
Log output configuration:
 #0: stdout all=warning uptime,level,tags
 #1: stderr all=off uptime,level,tags

Environment Variables:
PATH=C:\Program Files\Git\mingw64\libexec\git-core;C:\Program Files\Git\mingw64\libexec\git-core;C:\Program Files\Git\mingw64\bin;C:\Program Files\Git\usr\bin;C:\Users\p-gar\bin;C:\Program Files\Microsoft\jdk-11.0.12.7-hotspot\bin;C:\Python310\Scripts;C:\Python310;D:\ProgramData\Anaconda3;D:\ProgramData\Anaconda3\Library\mingw-w64\bin;D:\ProgramData\Anaconda3\Library\usr\bin;D:\ProgramData\Anaconda3\Library\bin;D:\ProgramData\Anaconda3\Scripts;D:\drivers\chromedriver;C:\Windows\system32;C:\ProgramData\chocolatey\bin;C:\Program Files\dotnet;C:\Program Files\Microsoft SQL Server\150\Tools\Binn;C:\Program Files\Microsoft SQL Server\Client SDK\ODBC\170\Tools\Binn;D:\Program Files\nodejs;C:\Users\p-gar\AppData\Local\Programs\Python\Python37-32\Scripts;C:\Users\p-gar\AppData\Local\Programs\Python\Python37-32;C:\Users\p-gar\AppData\Local\Microsoft\WindowsApps;D:\Program Files\JetBrains\PyCharm Community Edition 2021.3.2\bin;D:\Microsoft VS Code\bin;C:\Users\p-gar\AppData\Local\GitHubDesktop\bin;C:\Program Files\VideoLAN\VLC;D:\Program Files\JetBrains\IntelliJ IDEA Community Edition 2021.3.2\bin;C:\Users\p-gar\.dotnet\tools;C:\Users\p-gar\AppData\Roaming\npm
USERNAME=garcia
DISPLAY=:0.0
LC_ALL=en_US.UTF-8
OS=Windows_NT
PROCESSOR_IDENTIFIER=Intel64 Family 6 Model 140 Stepping 1, GenuineIntel



---------------  S Y S T E M  ---------------

OS: Windows 10 , 64 bit Build 19041 (10.0.19041.1566)
OS uptime: 13 days 18:58 hours

CPU:total 8 (initial active 8) (4 cores per cpu, 2 threads per core) family 6 model 140 stepping 1 microcode 0x6e, cmov, cx8, fxsr, mmx, sse, sse2, sse3, ssse3, sse4.1, sse4.2, popcnt, avx, avx2, aes, clmul, erms, 3dnowpref, lzcnt, ht, tsc, tscinvbit, bmi1, bmi2, adx, evex, sha, fma

Memory: 4k page, system-wide physical 16183M (724M free)
TotalPageFile size 31543M (AvailPageFile size 11M)
current process WorkingSet (physical memory assigned to process): 10M, peak: 10M
current process commit charge ("private bytes"): 60M, peak: 314M

vm_info: OpenJDK 64-Bit Server VM (11.0.11+9-b60-7590822) for windows-amd64 JRE (11.0.11+9-b60-7590822), built on Jul 29 2021 21:43:44 by "builder" with MS VC++ 14.0 (VS2015)

END.
