#
# There is insufficient memory for the Java Runtime Environment to continue.
# Native memory allocation (malloc) failed to allocate 1304336 bytes for Chunk::new
# Possible reasons:
#   The system is out of physical RAM or swap space
#   The process is running with CompressedOops enabled, and the Java Heap may be blocking the growth of the native heap
# Possible solutions:
#   Reduce memory load on the system
#   Increase physical memory or swap space
#   Check if swap backing store is full
#   Decrease Java heap size (-Xmx/-Xms)
#   Decrease number of Java threads
#   Decrease Java thread stack sizes (-Xss)
#   Set larger code cache with -XX:ReservedCodeCacheSize=
#   JVM is running with Zero Based Compressed Oops mode in which the Java heap is
#     placed in the first 32GB address space. The Java Heap base address is the
#     maximum limit for the native heap growth. Please use -XX:HeapBaseMinAddress
#     to set the Java Heap base and to place the Java Heap above 32GB virtual address.
# This output file may be truncated or incomplete.
#
#  Out of Memory Error (./src/hotspot/share/memory/arena.cpp:197), pid=18148, tid=9960
#
# JRE version: OpenJDK Runtime Environment (11.0.11+9) (build 11.0.11+9-b60-7590822)
# Java VM: OpenJDK 64-Bit Server VM (11.0.11+9-b60-7590822, mixed mode, tiered, compressed oops, g1 gc, windows-amd64)
# No core dump will be written. Minidumps are not enabled by default on client versions of Windows
#

---------------  S U M M A R Y ------------

Command Line: org.jetbrains.kotlin.cli.jvm.K2JVMCompiler @D:\Projets JetPack\WebAgenda3\app\build\20220330_9919158814298673115.compiler.options

Host: 11th Gen Intel(R) Core(TM) i5-1135G7 @ 2.40GHz, 8 cores, 15G,  Windows 10 , 64 bit Build 19041 (10.0.19041.1566)
Time: Wed Mar 30 14:45:48 2022 Paris, Madrid (heure d’été) elapsed time: 12.863128 seconds (0d 0h 0m 12s)

---------------  T H R E A D  ---------------

Current thread (0x0000013343e55800):  JavaThread "C2 CompilerThread0" daemon [_thread_in_native, id=9960, stack(0x0000001d44a00000,0x0000001d44b00000)]


Current CompileTask:
C2:  12863 17488       4       org.jetbrains.kotlin.load.kotlin.TypeSignatureMappingKt::mapBuiltInType (336 bytes)

Stack: [0x0000001d44a00000,0x0000001d44b00000]
Native frames: (J=compiled Java code, j=interpreted, Vv=VM code, C=native code)
V  [jvm.dll+0x5f214a]
V  [jvm.dll+0x726fb5]
V  [jvm.dll+0x7285cd]
V  [jvm.dll+0x728c83]
V  [jvm.dll+0x243278]
V  [jvm.dll+0xbc53c]
V  [jvm.dll+0xbca3c]
V  [jvm.dll+0x353e7d]
V  [jvm.dll+0x321893]
V  [jvm.dll+0x320d8a]
V  [jvm.dll+0x1fc1e2]
V  [jvm.dll+0x1fb3d4]
V  [jvm.dll+0x183d6c]
V  [jvm.dll+0x209a57]
V  [jvm.dll+0x2082a1]
V  [jvm.dll+0x6ef58f]
V  [jvm.dll+0x6e80b5]
V  [jvm.dll+0x5f1036]
C  [ucrtbase.dll+0x21bb2]
C  [KERNEL32.DLL+0x17034]
C  [ntdll.dll+0x52651]


---------------  P R O C E S S  ---------------

Threads class SMR info:
_java_thread_list=0x00000133498b26b0, length=12, elements={
0x0000013323e5b000, 0x0000013343584000, 0x000001334358d000, 0x00000133435a8800,
0x00000133435ab800, 0x00000133435ae000, 0x0000013343e55800, 0x0000013343e60800,
0x0000013343ea8800, 0x0000013343fff800, 0x000001334401d800, 0x00000133498b2000
}

Java Threads: ( => current thread )
  0x0000013323e5b000 JavaThread "main" [_thread_in_Java, id=28632, stack(0x0000001d43e00000,0x0000001d43f00000)]
  0x0000013343584000 JavaThread "Reference Handler" daemon [_thread_blocked, id=24092, stack(0x0000001d44500000,0x0000001d44600000)]
  0x000001334358d000 JavaThread "Finalizer" daemon [_thread_blocked, id=28688, stack(0x0000001d44600000,0x0000001d44700000)]
  0x00000133435a8800 JavaThread "Signal Dispatcher" daemon [_thread_blocked, id=3048, stack(0x0000001d44700000,0x0000001d44800000)]
  0x00000133435ab800 JavaThread "Attach Listener" daemon [_thread_blocked, id=14204, stack(0x0000001d44800000,0x0000001d44900000)]
  0x00000133435ae000 JavaThread "Service Thread" daemon [_thread_blocked, id=13320, stack(0x0000001d44900000,0x0000001d44a00000)]
=>0x0000013343e55800 JavaThread "C2 CompilerThread0" daemon [_thread_in_native, id=9960, stack(0x0000001d44a00000,0x0000001d44b00000)]
  0x0000013343e60800 JavaThread "C1 CompilerThread0" daemon [_thread_in_vm, id=10436, stack(0x0000001d44b00000,0x0000001d44c00000)]
  0x0000013343ea8800 JavaThread "Sweeper thread" daemon [_thread_blocked, id=14236, stack(0x0000001d44c00000,0x0000001d44d00000)]
  0x0000013343fff800 JavaThread "Common-Cleaner" daemon [_thread_blocked, id=13220, stack(0x0000001d44e00000,0x0000001d44f00000)]
  0x000001334401d800 JavaThread "C2 CompilerThread1" daemon [_thread_in_native, id=26336, stack(0x0000001d44f00000,0x0000001d45000000)]
  0x00000133498b2000 JavaThread "C2 CompilerThread2" daemon [_thread_in_native, id=29172, stack(0x0000001d45000000,0x0000001d45100000)]

Other Threads:
  0x0000013343582800 VMThread "VM Thread" [stack: 0x0000001d44400000,0x0000001d44500000] [id=18088]
  0x0000013343ffb000 WatcherThread [stack: 0x0000001d44d00000,0x0000001d44e00000] [id=7024]
  0x0000013323e73000 GCTaskThread "GC Thread#0" [stack: 0x0000001d43f00000,0x0000001d44000000] [id=25940]
  0x0000013344638800 GCTaskThread "GC Thread#1" [stack: 0x0000001d45100000,0x0000001d45200000] [id=9524]
  0x0000013344639800 GCTaskThread "GC Thread#2" [stack: 0x0000001d45200000,0x0000001d45300000] [id=1348]
  0x00000133447b0800 GCTaskThread "GC Thread#3" [stack: 0x0000001d45300000,0x0000001d45400000] [id=25440]
  0x00000133447b1000 GCTaskThread "GC Thread#4" [stack: 0x0000001d45400000,0x0000001d45500000] [id=22904]
  0x00000133447b1800 GCTaskThread "GC Thread#5" [stack: 0x0000001d45500000,0x0000001d45600000] [id=12436]
  0x0000013347077800 GCTaskThread "GC Thread#6" [stack: 0x0000001d45900000,0x0000001d45a00000] [id=12888]
  0x0000013343efe800 GCTaskThread "GC Thread#7" [stack: 0x0000001d45b00000,0x0000001d45c00000] [id=14796]
  0x0000013323ed0800 ConcurrentGCThread "G1 Main Marker" [stack: 0x0000001d44000000,0x0000001d44100000] [id=17844]
  0x0000013323ed2000 ConcurrentGCThread "G1 Conc#0" [stack: 0x0000001d44100000,0x0000001d44200000] [id=6688]
  0x0000013345af5000 ConcurrentGCThread "G1 Conc#1" [stack: 0x0000001d45600000,0x0000001d45700000] [id=19356]
  0x0000013343463800 ConcurrentGCThread "G1 Refine#0" [stack: 0x0000001d44200000,0x0000001d44300000] [id=6492]
  0x00000133448a4000 ConcurrentGCThread "G1 Refine#1" [stack: 0x0000001d45700000,0x0000001d45800000] [id=16448]
  0x0000013345a2a000 ConcurrentGCThread "G1 Refine#2" [stack: 0x0000001d45800000,0x0000001d45900000] [id=4600]
  0x0000013345a7a800 ConcurrentGCThread "G1 Refine#3" [stack: 0x0000001d45a00000,0x0000001d45b00000] [id=13236]
  0x000001334901d800 ConcurrentGCThread "G1 Refine#4" [stack: 0x0000001d45c00000,0x0000001d45d00000] [id=26084]
  0x000001334de19000 ConcurrentGCThread "G1 Refine#5" [stack: 0x0000001d45d00000,0x0000001d45e00000] [id=27408]
  0x0000013343464000 ConcurrentGCThread "G1 Young RemSet Sampling" [stack: 0x0000001d44300000,0x0000001d44400000] [id=20268]

Threads with active compile tasks:
C2 CompilerThread0  12869 17488       4       org.jetbrains.kotlin.load.kotlin.TypeSignatureMappingKt::mapBuiltInType (336 bytes)
C1 CompilerThread0  12869 17648       3       org.jetbrains.kotlin.backend.common.ClassLoweringVisitor::visitSetField (7 bytes)
C2 CompilerThread1  12869 17605       4       org.jetbrains.kotlin.backend.jvm.lower.JvmStaticAnnotationLoweringKt::isJvmStaticDeclaration (147 bytes)
C2 CompilerThread2  12869 17606       4       org.jetbrains.kotlin.ir.util.AdditionalIrUtilsKt::hasEqualFqName (100 bytes)

VM state:not at safepoint (normal execution)

VM Mutex/Monitor currently owned by a thread:  ([mutex/lock_event])
[0x0000013323e56460] MethodCompileQueue_lock - owner thread: 0x0000000000000000

Heap address: 0x0000000703200000, size: 4046 MB, Compressed Oops mode: Zero based, Oop shift amount: 3
Narrow klass base: 0x0000000800000000, Narrow klass shift: 0
Compressed class space size: 1073741824 Address: 0x0000000800000000

Heap:
 garbage-first heap   total 374784K, used 201310K [0x0000000703200000, 0x0000000800000000)
  region size 1024K, 94 young (96256K), 22 survivors (22528K)
 Metaspace       used 85166K, capacity 86014K, committed 86096K, reserved 1126400K
  class space    used 8923K, capacity 9268K, committed 9292K, reserved 1048576K
Heap Regions: E=young(eden), S=young(survivor), O=old, HS=humongous(starts), HC=humongous(continues), CS=collection set, F=free, A=archive, TAMS=top-at-mark-start (previous, next)
|   0|0x0000000703200000, 0x0000000703300000, 0x0000000703300000|100%|HS|  |TAMS 0x0000000703300000, 0x0000000703200000| Complete 
|   1|0x0000000703300000, 0x0000000703400000, 0x0000000703400000|100%|HC|  |TAMS 0x0000000703400000, 0x0000000703300000| Complete 
|   2|0x0000000703400000, 0x0000000703500000, 0x0000000703500000|100%|HC|  |TAMS 0x0000000703500000, 0x0000000703400000| Complete 
|   3|0x0000000703500000, 0x0000000703600000, 0x0000000703600000|100%|HS|  |TAMS 0x0000000703600000, 0x0000000703500000| Complete 
|   4|0x0000000703600000, 0x0000000703700000, 0x0000000703700000|100%|HC|  |TAMS 0x0000000703700000, 0x0000000703600000| Complete 
|   5|0x0000000703700000, 0x0000000703800000, 0x0000000703800000|100%|HC|  |TAMS 0x0000000703800000, 0x0000000703700000| Complete 
|   6|0x0000000703800000, 0x0000000703900000, 0x0000000703900000|100%| O|  |TAMS 0x0000000703900000, 0x0000000703800000| Untracked 
|   7|0x0000000703900000, 0x0000000703a00000, 0x0000000703a00000|100%| O|  |TAMS 0x0000000703a00000, 0x0000000703900000| Untracked 
|   8|0x0000000703a00000, 0x0000000703b00000, 0x0000000703b00000|100%| O|  |TAMS 0x0000000703b00000, 0x0000000703a00000| Untracked 
|   9|0x0000000703b00000, 0x0000000703c00000, 0x0000000703c00000|100%| O|  |TAMS 0x0000000703c00000, 0x0000000703b00000| Untracked 
|  10|0x0000000703c00000, 0x0000000703d00000, 0x0000000703d00000|100%| O|  |TAMS 0x0000000703d00000, 0x0000000703c00000| Untracked 
|  11|0x0000000703d00000, 0x0000000703e00000, 0x0000000703e00000|100%| O|  |TAMS 0x0000000703e00000, 0x0000000703d00000| Untracked 
|  12|0x0000000703e00000, 0x0000000703f00000, 0x0000000703f00000|100%|HS|  |TAMS 0x0000000703f00000, 0x0000000703e00000| Complete 
|  13|0x0000000703f00000, 0x0000000704000000, 0x0000000704000000|100%|HC|  |TAMS 0x0000000704000000, 0x0000000703f00000| Complete 
|  14|0x0000000704000000, 0x0000000704100000, 0x0000000704100000|100%| O|  |TAMS 0x0000000704100000, 0x0000000704000000| Untracked 
|  15|0x0000000704100000, 0x0000000704200000, 0x0000000704200000|100%| O|  |TAMS 0x0000000704200000, 0x0000000704100000| Untracked 
|  16|0x0000000704200000, 0x0000000704300000, 0x0000000704300000|100%| O|  |TAMS 0x0000000704300000, 0x0000000704200000| Untracked 
|  17|0x0000000704300000, 0x0000000704400000, 0x0000000704400000|100%| O|  |TAMS 0x0000000704400000, 0x0000000704300000| Untracked 
|  18|0x0000000704400000, 0x0000000704500000, 0x0000000704500000|100%| O|  |TAMS 0x0000000704500000, 0x0000000704400000| Untracked 
|  19|0x0000000704500000, 0x0000000704600000, 0x0000000704600000|100%| O|  |TAMS 0x0000000704600000, 0x0000000704500000| Untracked 
|  20|0x0000000704600000, 0x0000000704700000, 0x0000000704700000|100%| O|  |TAMS 0x0000000704700000, 0x0000000704600000| Untracked 
|  21|0x0000000704700000, 0x0000000704800000, 0x0000000704800000|100%|HS|  |TAMS 0x0000000704700000, 0x0000000704700000| Complete 
|  22|0x0000000704800000, 0x0000000704900000, 0x0000000704900000|100%| O|  |TAMS 0x0000000704900000, 0x0000000704800000| Untracked 
|  23|0x0000000704900000, 0x0000000704a00000, 0x0000000704a00000|100%| O|  |TAMS 0x0000000704a00000, 0x0000000704900000| Untracked 
|  24|0x0000000704a00000, 0x0000000704b00000, 0x0000000704b00000|100%| O|  |TAMS 0x0000000704b00000, 0x0000000704a00000| Untracked 
|  25|0x0000000704b00000, 0x0000000704c00000, 0x0000000704c00000|100%| O|  |TAMS 0x0000000704c00000, 0x0000000704b00000| Untracked 
|  26|0x0000000704c00000, 0x0000000704d00000, 0x0000000704d00000|100%| O|  |TAMS 0x0000000704d00000, 0x0000000704c00000| Untracked 
|  27|0x0000000704d00000, 0x0000000704e00000, 0x0000000704e00000|100%| O|  |TAMS 0x0000000704e00000, 0x0000000704d00000| Untracked 
|  28|0x0000000704e00000, 0x0000000704f00000, 0x0000000704f00000|100%| O|  |TAMS 0x0000000704f00000, 0x0000000704e00000| Untracked 
|  29|0x0000000704f00000, 0x0000000705000000, 0x0000000705000000|100%| O|  |TAMS 0x0000000705000000, 0x0000000704f00000| Untracked 
|  30|0x0000000705000000, 0x0000000705100000, 0x0000000705100000|100%| O|  |TAMS 0x0000000705100000, 0x0000000705000000| Untracked 
|  31|0x0000000705100000, 0x0000000705200000, 0x0000000705200000|100%| O|  |TAMS 0x0000000705200000, 0x0000000705100000| Untracked 
|  32|0x0000000705200000, 0x0000000705300000, 0x0000000705300000|100%| O|  |TAMS 0x0000000705300000, 0x0000000705200000| Untracked 
|  33|0x0000000705300000, 0x0000000705400000, 0x0000000705400000|100%| O|  |TAMS 0x0000000705400000, 0x0000000705300000| Untracked 
|  34|0x0000000705400000, 0x0000000705500000, 0x0000000705500000|100%| O|  |TAMS 0x0000000705500000, 0x0000000705400000| Untracked 
|  35|0x0000000705500000, 0x0000000705600000, 0x0000000705600000|100%| O|  |TAMS 0x0000000705600000, 0x0000000705500000| Untracked 
|  36|0x0000000705600000, 0x0000000705700000, 0x0000000705700000|100%| O|  |TAMS 0x0000000705700000, 0x0000000705600000| Untracked 
|  37|0x0000000705700000, 0x0000000705800000, 0x0000000705800000|100%| O|  |TAMS 0x00000007057b3a00, 0x0000000705700000| Untracked 
|  38|0x0000000705800000, 0x0000000705900000, 0x0000000705900000|100%| O|  |TAMS 0x0000000705800000, 0x0000000705800000| Untracked 
|  39|0x0000000705900000, 0x0000000705a00000, 0x0000000705a00000|100%| O|  |TAMS 0x0000000705900000, 0x0000000705900000| Untracked 
|  40|0x0000000705a00000, 0x0000000705b00000, 0x0000000705b00000|100%| O|  |TAMS 0x0000000705a00000, 0x0000000705a00000| Untracked 
|  41|0x0000000705b00000, 0x0000000705c00000, 0x0000000705c00000|100%| O|  |TAMS 0x0000000705b00000, 0x0000000705b00000| Untracked 
|  42|0x0000000705c00000, 0x0000000705d00000, 0x0000000705d00000|100%| O|  |TAMS 0x0000000705c00000, 0x0000000705c00000| Untracked 
|  43|0x0000000705d00000, 0x0000000705e00000, 0x0000000705e00000|100%| O|  |TAMS 0x0000000705d00000, 0x0000000705d00000| Untracked 
|  44|0x0000000705e00000, 0x0000000705f00000, 0x0000000705f00000|100%| O|  |TAMS 0x0000000705e00000, 0x0000000705e00000| Untracked 
|  45|0x0000000705f00000, 0x0000000706000000, 0x0000000706000000|100%| O|  |TAMS 0x0000000705f00000, 0x0000000705f00000| Untracked 
|  46|0x0000000706000000, 0x0000000706100000, 0x0000000706100000|100%| O|  |TAMS 0x0000000706000000, 0x0000000706000000| Untracked 
|  47|0x0000000706100000, 0x0000000706200000, 0x0000000706200000|100%| O|  |TAMS 0x0000000706100000, 0x0000000706100000| Untracked 
|  48|0x0000000706200000, 0x0000000706300000, 0x0000000706300000|100%| O|  |TAMS 0x0000000706200000, 0x0000000706200000| Untracked 
|  49|0x0000000706300000, 0x0000000706400000, 0x0000000706400000|100%| O|  |TAMS 0x0000000706300000, 0x0000000706300000| Untracked 
|  50|0x0000000706400000, 0x0000000706500000, 0x0000000706500000|100%| O|  |TAMS 0x0000000706400000, 0x0000000706400000| Untracked 
|  51|0x0000000706500000, 0x0000000706600000, 0x0000000706600000|100%| O|  |TAMS 0x0000000706500000, 0x0000000706500000| Untracked 
|  52|0x0000000706600000, 0x0000000706700000, 0x0000000706700000|100%| O|  |TAMS 0x0000000706600000, 0x0000000706600000| Untracked 
|  53|0x0000000706700000, 0x0000000706800000, 0x0000000706800000|100%| O|  |TAMS 0x0000000706700000, 0x0000000706700000| Untracked 
|  54|0x0000000706800000, 0x0000000706900000, 0x0000000706900000|100%| O|  |TAMS 0x0000000706800000, 0x0000000706800000| Untracked 
|  55|0x0000000706900000, 0x0000000706a00000, 0x0000000706a00000|100%|HS|  |TAMS 0x0000000706900000, 0x0000000706900000| Complete 
|  56|0x0000000706a00000, 0x0000000706b00000, 0x0000000706b00000|100%|HC|  |TAMS 0x0000000706a00000, 0x0000000706a00000| Complete 
|  57|0x0000000706b00000, 0x0000000706c00000, 0x0000000706c00000|100%| O|  |TAMS 0x0000000706b00000, 0x0000000706b00000| Untracked 
|  58|0x0000000706c00000, 0x0000000706d00000, 0x0000000706d00000|100%| O|  |TAMS 0x0000000706c00000, 0x0000000706c00000| Untracked 
|  59|0x0000000706d00000, 0x0000000706e00000, 0x0000000706e00000|100%| O|  |TAMS 0x0000000706d00000, 0x0000000706d00000| Untracked 
|  60|0x0000000706e00000, 0x0000000706f00000, 0x0000000706f00000|100%| O|  |TAMS 0x0000000706e00000, 0x0000000706e00000| Untracked 
|  61|0x0000000706f00000, 0x0000000707000000, 0x0000000707000000|100%| O|  |TAMS 0x0000000706f00000, 0x0000000706f00000| Untracked 
|  62|0x0000000707000000, 0x0000000707100000, 0x0000000707100000|100%| O|  |TAMS 0x0000000707000000, 0x0000000707000000| Untracked 
|  63|0x0000000707100000, 0x0000000707200000, 0x0000000707200000|100%| O|  |TAMS 0x0000000707100000, 0x0000000707100000| Untracked 
|  64|0x0000000707200000, 0x0000000707300000, 0x0000000707300000|100%| O|  |TAMS 0x0000000707200000, 0x0000000707200000| Untracked 
|  65|0x0000000707300000, 0x0000000707400000, 0x0000000707400000|100%| O|  |TAMS 0x0000000707300000, 0x0000000707300000| Untracked 
|  66|0x0000000707400000, 0x0000000707500000, 0x0000000707500000|100%| O|  |TAMS 0x0000000707400000, 0x0000000707400000| Untracked 
|  67|0x0000000707500000, 0x0000000707600000, 0x0000000707600000|100%| O|  |TAMS 0x0000000707500000, 0x0000000707500000| Untracked 
|  68|0x0000000707600000, 0x0000000707700000, 0x0000000707700000|100%| O|  |TAMS 0x0000000707600000, 0x0000000707600000| Untracked 
|  69|0x0000000707700000, 0x0000000707800000, 0x0000000707800000|100%| O|  |TAMS 0x0000000707700000, 0x0000000707700000| Untracked 
|  70|0x0000000707800000, 0x0000000707900000, 0x0000000707900000|100%| O|  |TAMS 0x0000000707800000, 0x0000000707800000| Untracked 
|  71|0x0000000707900000, 0x0000000707a00000, 0x0000000707a00000|100%| O|  |TAMS 0x0000000707900000, 0x0000000707900000| Untracked 
|  72|0x0000000707a00000, 0x0000000707b00000, 0x0000000707b00000|100%| O|  |TAMS 0x0000000707a00000, 0x0000000707a00000| Untracked 
|  73|0x0000000707b00000, 0x0000000707c00000, 0x0000000707c00000|100%| O|  |TAMS 0x0000000707b00000, 0x0000000707b00000| Untracked 
|  74|0x0000000707c00000, 0x0000000707d00000, 0x0000000707d00000|100%| O|  |TAMS 0x0000000707c00000, 0x0000000707c00000| Untracked 
|  75|0x0000000707d00000, 0x0000000707e00000, 0x0000000707e00000|100%| O|  |TAMS 0x0000000707d00000, 0x0000000707d00000| Untracked 
|  76|0x0000000707e00000, 0x0000000707f00000, 0x0000000707f00000|100%| O|  |TAMS 0x0000000707e00000, 0x0000000707e00000| Untracked 
|  77|0x0000000707f00000, 0x0000000708000000, 0x0000000708000000|100%| O|  |TAMS 0x0000000707f00000, 0x0000000707f00000| Untracked 
|  78|0x0000000708000000, 0x0000000708100000, 0x0000000708100000|100%| O|  |TAMS 0x0000000708000000, 0x0000000708000000| Untracked 
|  79|0x0000000708100000, 0x0000000708200000, 0x0000000708200000|100%| O|  |TAMS 0x0000000708100000, 0x0000000708100000| Untracked 
|  80|0x0000000708200000, 0x0000000708300000, 0x0000000708300000|100%| O|  |TAMS 0x0000000708200000, 0x0000000708200000| Untracked 
|  81|0x0000000708300000, 0x0000000708400000, 0x0000000708400000|100%| O|  |TAMS 0x0000000708300000, 0x0000000708300000| Untracked 
|  82|0x0000000708400000, 0x0000000708500000, 0x0000000708500000|100%| O|  |TAMS 0x0000000708400000, 0x0000000708400000| Untracked 
|  83|0x0000000708500000, 0x0000000708600000, 0x0000000708600000|100%| O|  |TAMS 0x0000000708500000, 0x0000000708500000| Untracked 
|  84|0x0000000708600000, 0x0000000708700000, 0x0000000708700000|100%| O|  |TAMS 0x0000000708600000, 0x0000000708600000| Untracked 
|  85|0x0000000708700000, 0x0000000708800000, 0x0000000708800000|100%| O|  |TAMS 0x0000000708700000, 0x0000000708700000| Untracked 
|  86|0x0000000708800000, 0x0000000708900000, 0x0000000708900000|100%| O|  |TAMS 0x0000000708800000, 0x0000000708800000| Untracked 
|  87|0x0000000708900000, 0x0000000708a00000, 0x0000000708a00000|100%| O|  |TAMS 0x0000000708900000, 0x0000000708900000| Untracked 
|  88|0x0000000708a00000, 0x0000000708b00000, 0x0000000708b00000|100%| O|  |TAMS 0x0000000708a00000, 0x0000000708a00000| Untracked 
|  89|0x0000000708b00000, 0x0000000708c00000, 0x0000000708c00000|100%| O|  |TAMS 0x0000000708b00000, 0x0000000708b00000| Untracked 
|  90|0x0000000708c00000, 0x0000000708d00000, 0x0000000708d00000|100%| O|  |TAMS 0x0000000708c00000, 0x0000000708c00000| Untracked 
|  91|0x0000000708d00000, 0x0000000708e00000, 0x0000000708e00000|100%| O|  |TAMS 0x0000000708d00000, 0x0000000708d00000| Untracked 
|  92|0x0000000708e00000, 0x0000000708f00000, 0x0000000708f00000|100%| O|  |TAMS 0x0000000708e00000, 0x0000000708e00000| Untracked 
|  93|0x0000000708f00000, 0x0000000709000000, 0x0000000709000000|100%| O|  |TAMS 0x0000000708f00000, 0x0000000708f00000| Untracked 
|  94|0x0000000709000000, 0x0000000709100000, 0x0000000709100000|100%| O|  |TAMS 0x0000000709000000, 0x0000000709000000| Untracked 
|  95|0x0000000709100000, 0x0000000709200000, 0x0000000709200000|100%| O|  |TAMS 0x0000000709100000, 0x0000000709100000| Untracked 
|  96|0x0000000709200000, 0x0000000709300000, 0x0000000709300000|100%| O|  |TAMS 0x0000000709200000, 0x0000000709200000| Untracked 
|  97|0x0000000709300000, 0x0000000709400000, 0x0000000709400000|100%| O|  |TAMS 0x0000000709300000, 0x0000000709300000| Untracked 
|  98|0x0000000709400000, 0x0000000709500000, 0x0000000709500000|100%| O|  |TAMS 0x0000000709400000, 0x0000000709400000| Untracked 
|  99|0x0000000709500000, 0x0000000709600000, 0x0000000709600000|100%| O|  |TAMS 0x0000000709500000, 0x0000000709500000| Untracked 
| 100|0x0000000709600000, 0x0000000709700000, 0x0000000709700000|100%| O|  |TAMS 0x0000000709600000, 0x0000000709600000| Untracked 
| 101|0x0000000709700000, 0x0000000709800000, 0x0000000709800000|100%| O|  |TAMS 0x0000000709700000, 0x0000000709700000| Untracked 
| 102|0x0000000709800000, 0x0000000709900000, 0x0000000709900000|100%| O|  |TAMS 0x0000000709800000, 0x0000000709800000| Untracked 
| 103|0x0000000709900000, 0x0000000709997a00, 0x0000000709a00000| 59%| O|  |TAMS 0x0000000709900000, 0x0000000709900000| Untracked 
| 104|0x0000000709a00000, 0x0000000709a00000, 0x0000000709b00000|  0%| F|  |TAMS 0x0000000709a00000, 0x0000000709a00000| Untracked 
| 105|0x0000000709b00000, 0x0000000709b00000, 0x0000000709c00000|  0%| F|  |TAMS 0x0000000709b00000, 0x0000000709b00000| Untracked 
| 106|0x0000000709c00000, 0x0000000709c00000, 0x0000000709d00000|  0%| F|  |TAMS 0x0000000709c00000, 0x0000000709c00000| Untracked 
| 107|0x0000000709d00000, 0x0000000709d00000, 0x0000000709e00000|  0%| F|  |TAMS 0x0000000709d00000, 0x0000000709d00000| Untracked 
| 108|0x0000000709e00000, 0x0000000709e00000, 0x0000000709f00000|  0%| F|  |TAMS 0x0000000709e00000, 0x0000000709e00000| Untracked 
| 109|0x0000000709f00000, 0x0000000709f00000, 0x000000070a000000|  0%| F|  |TAMS 0x0000000709f00000, 0x0000000709f00000| Untracked 
| 110|0x000000070a000000, 0x000000070a000000, 0x000000070a100000|  0%| F|  |TAMS 0x000000070a000000, 0x000000070a000000| Untracked 
| 111|0x000000070a100000, 0x000000070a100000, 0x000000070a200000|  0%| F|  |TAMS 0x000000070a100000, 0x000000070a100000| Untracked 
| 112|0x000000070a200000, 0x000000070a200000, 0x000000070a300000|  0%| F|  |TAMS 0x000000070a200000, 0x000000070a200000| Untracked 
| 113|0x000000070a300000, 0x000000070a300000, 0x000000070a400000|  0%| F|  |TAMS 0x000000070a300000, 0x000000070a300000| Untracked 
| 114|0x000000070a400000, 0x000000070a400000, 0x000000070a500000|  0%| F|  |TAMS 0x000000070a400000, 0x000000070a400000| Untracked 
| 115|0x000000070a500000, 0x000000070a500000, 0x000000070a600000|  0%| F|  |TAMS 0x000000070a500000, 0x000000070a500000| Untracked 
| 116|0x000000070a600000, 0x000000070a600000, 0x000000070a700000|  0%| F|  |TAMS 0x000000070a600000, 0x000000070a600000| Untracked 
| 117|0x000000070a700000, 0x000000070a700000, 0x000000070a800000|  0%| F|  |TAMS 0x000000070a700000, 0x000000070a700000| Untracked 
| 118|0x000000070a800000, 0x000000070a800000, 0x000000070a900000|  0%| F|  |TAMS 0x000000070a800000, 0x000000070a800000| Untracked 
| 119|0x000000070a900000, 0x000000070a900000, 0x000000070aa00000|  0%| F|  |TAMS 0x000000070a900000, 0x000000070a900000| Untracked 
| 120|0x000000070aa00000, 0x000000070aa00000, 0x000000070ab00000|  0%| F|  |TAMS 0x000000070aa00000, 0x000000070aa00000| Untracked 
| 121|0x000000070ab00000, 0x000000070ab00000, 0x000000070ac00000|  0%| F|  |TAMS 0x000000070ab00000, 0x000000070ab00000| Untracked 
| 122|0x000000070ac00000, 0x000000070ac00000, 0x000000070ad00000|  0%| F|  |TAMS 0x000000070ac00000, 0x000000070ac00000| Untracked 
| 123|0x000000070ad00000, 0x000000070ad00000, 0x000000070ae00000|  0%| F|  |TAMS 0x000000070ad00000, 0x000000070ad00000| Untracked 
| 124|0x000000070ae00000, 0x000000070ae00000, 0x000000070af00000|  0%| F|  |TAMS 0x000000070ae00000, 0x000000070ae00000| Untracked 
| 125|0x000000070af00000, 0x000000070af00000, 0x000000070b000000|  0%| F|  |TAMS 0x000000070af00000, 0x000000070af00000| Untracked 
| 126|0x000000070b000000, 0x000000070b000000, 0x000000070b100000|  0%| F|  |TAMS 0x000000070b000000, 0x000000070b000000| Untracked 
| 127|0x000000070b100000, 0x000000070b100000, 0x000000070b200000|  0%| F|  |TAMS 0x000000070b100000, 0x000000070b100000| Untracked 
| 128|0x000000070b200000, 0x000000070b200000, 0x000000070b300000|  0%| F|  |TAMS 0x000000070b200000, 0x000000070b200000| Untracked 
| 129|0x000000070b300000, 0x000000070b300000, 0x000000070b400000|  0%| F|  |TAMS 0x000000070b300000, 0x000000070b300000| Untracked 
| 130|0x000000070b400000, 0x000000070b400000, 0x000000070b500000|  0%| F|  |TAMS 0x000000070b400000, 0x000000070b400000| Untracked 
| 131|0x000000070b500000, 0x000000070b500000, 0x000000070b600000|  0%| F|  |TAMS 0x000000070b500000, 0x000000070b500000| Untracked 
| 132|0x000000070b600000, 0x000000070b600000, 0x000000070b700000|  0%| F|  |TAMS 0x000000070b600000, 0x000000070b600000| Untracked 
| 133|0x000000070b700000, 0x000000070b700000, 0x000000070b800000|  0%| F|  |TAMS 0x000000070b700000, 0x000000070b700000| Untracked 
| 134|0x000000070b800000, 0x000000070b800000, 0x000000070b900000|  0%| F|  |TAMS 0x000000070b800000, 0x000000070b800000| Untracked 
| 135|0x000000070b900000, 0x000000070b900000, 0x000000070ba00000|  0%| F|  |TAMS 0x000000070b900000, 0x000000070b900000| Untracked 
| 136|0x000000070ba00000, 0x000000070ba00000, 0x000000070bb00000|  0%| F|  |TAMS 0x000000070ba00000, 0x000000070ba00000| Untracked 
| 137|0x000000070bb00000, 0x000000070bb00000, 0x000000070bc00000|  0%| F|  |TAMS 0x000000070bb00000, 0x000000070bb00000| Untracked 
| 138|0x000000070bc00000, 0x000000070bc00000, 0x000000070bd00000|  0%| F|  |TAMS 0x000000070bc00000, 0x000000070bc00000| Untracked 
| 139|0x000000070bd00000, 0x000000070bd00000, 0x000000070be00000|  0%| F|  |TAMS 0x000000070bd00000, 0x000000070bd00000| Untracked 
| 140|0x000000070be00000, 0x000000070be00000, 0x000000070bf00000|  0%| F|  |TAMS 0x000000070be00000, 0x000000070be00000| Untracked 
| 141|0x000000070bf00000, 0x000000070bf00000, 0x000000070c000000|  0%| F|  |TAMS 0x000000070bf00000, 0x000000070bf00000| Untracked 
| 142|0x000000070c000000, 0x000000070c000000, 0x000000070c100000|  0%| F|  |TAMS 0x000000070c000000, 0x000000070c000000| Untracked 
| 143|0x000000070c100000, 0x000000070c100000, 0x000000070c200000|  0%| F|  |TAMS 0x000000070c100000, 0x000000070c100000| Untracked 
| 144|0x000000070c200000, 0x000000070c200000, 0x000000070c300000|  0%| F|  |TAMS 0x000000070c200000, 0x000000070c200000| Untracked 
| 145|0x000000070c300000, 0x000000070c300000, 0x000000070c400000|  0%| F|  |TAMS 0x000000070c300000, 0x000000070c300000| Untracked 
| 146|0x000000070c400000, 0x000000070c400000, 0x000000070c500000|  0%| F|  |TAMS 0x000000070c400000, 0x000000070c400000| Untracked 
| 147|0x000000070c500000, 0x000000070c500000, 0x000000070c600000|  0%| F|  |TAMS 0x000000070c500000, 0x000000070c500000| Untracked 
| 148|0x000000070c600000, 0x000000070c600000, 0x000000070c700000|  0%| F|  |TAMS 0x000000070c600000, 0x000000070c600000| Untracked 
| 149|0x000000070c700000, 0x000000070c700000, 0x000000070c800000|  0%| F|  |TAMS 0x000000070c700000, 0x000000070c700000| Untracked 
| 150|0x000000070c800000, 0x000000070c800000, 0x000000070c900000|  0%| F|  |TAMS 0x000000070c800000, 0x000000070c800000| Untracked 
| 151|0x000000070c900000, 0x000000070c900000, 0x000000070ca00000|  0%| F|  |TAMS 0x000000070c900000, 0x000000070c900000| Untracked 
| 152|0x000000070ca00000, 0x000000070ca00000, 0x000000070cb00000|  0%| F|  |TAMS 0x000000070ca00000, 0x000000070ca00000| Untracked 
| 153|0x000000070cb00000, 0x000000070cb00000, 0x000000070cc00000|  0%| F|  |TAMS 0x000000070cb00000, 0x000000070cb00000| Untracked 
| 154|0x000000070cc00000, 0x000000070cc00000, 0x000000070cd00000|  0%| F|  |TAMS 0x000000070cc00000, 0x000000070cc00000| Untracked 
| 155|0x000000070cd00000, 0x000000070cd00000, 0x000000070ce00000|  0%| F|  |TAMS 0x000000070cd00000, 0x000000070cd00000| Untracked 
| 156|0x000000070ce00000, 0x000000070ce00000, 0x000000070cf00000|  0%| F|  |TAMS 0x000000070ce00000, 0x000000070ce00000| Untracked 
| 157|0x000000070cf00000, 0x000000070cf00000, 0x000000070d000000|  0%| F|  |TAMS 0x000000070cf00000, 0x000000070cf00000| Untracked 
| 158|0x000000070d000000, 0x000000070d000000, 0x000000070d100000|  0%| F|  |TAMS 0x000000070d000000, 0x000000070d000000| Untracked 
| 159|0x000000070d100000, 0x000000070d100000, 0x000000070d200000|  0%| F|  |TAMS 0x000000070d100000, 0x000000070d100000| Untracked 
| 160|0x000000070d200000, 0x000000070d200000, 0x000000070d300000|  0%| F|  |TAMS 0x000000070d200000, 0x000000070d200000| Untracked 
| 161|0x000000070d300000, 0x000000070d300000, 0x000000070d400000|  0%| F|  |TAMS 0x000000070d300000, 0x000000070d300000| Untracked 
| 162|0x000000070d400000, 0x000000070d400000, 0x000000070d500000|  0%| F|  |TAMS 0x000000070d400000, 0x000000070d400000| Untracked 
| 163|0x000000070d500000, 0x000000070d500000, 0x000000070d600000|  0%| F|  |TAMS 0x000000070d500000, 0x000000070d500000| Untracked 
| 164|0x000000070d600000, 0x000000070d600000, 0x000000070d700000|  0%| F|  |TAMS 0x000000070d600000, 0x000000070d600000| Untracked 
| 165|0x000000070d700000, 0x000000070d700000, 0x000000070d800000|  0%| F|  |TAMS 0x000000070d700000, 0x000000070d700000| Untracked 
| 166|0x000000070d800000, 0x000000070d800000, 0x000000070d900000|  0%| F|  |TAMS 0x000000070d800000, 0x000000070d800000| Untracked 
| 167|0x000000070d900000, 0x000000070d900000, 0x000000070da00000|  0%| F|  |TAMS 0x000000070d900000, 0x000000070d900000| Untracked 
| 168|0x000000070da00000, 0x000000070da00000, 0x000000070db00000|  0%| F|  |TAMS 0x000000070da00000, 0x000000070da00000| Untracked 
| 169|0x000000070db00000, 0x000000070db00000, 0x000000070dc00000|  0%| F|  |TAMS 0x000000070db00000, 0x000000070db00000| Untracked 
| 170|0x000000070dc00000, 0x000000070dd00000, 0x000000070dd00000|100%| S|CS|TAMS 0x000000070dc00000, 0x000000070dc00000| Complete 
| 171|0x000000070dd00000, 0x000000070de00000, 0x000000070de00000|100%| S|CS|TAMS 0x000000070dd00000, 0x000000070dd00000| Complete 
| 172|0x000000070de00000, 0x000000070de00000, 0x000000070df00000|  0%| F|  |TAMS 0x000000070de00000, 0x000000070de00000| Untracked 
| 173|0x000000070df00000, 0x000000070df00000, 0x000000070e000000|  0%| F|  |TAMS 0x000000070df00000, 0x000000070df00000| Untracked 
| 174|0x000000070e000000, 0x000000070e000000, 0x000000070e100000|  0%| F|  |TAMS 0x000000070e000000, 0x000000070e000000| Untracked 
| 175|0x000000070e100000, 0x000000070e100000, 0x000000070e200000|  0%| F|  |TAMS 0x000000070e100000, 0x000000070e100000| Untracked 
| 176|0x000000070e200000, 0x000000070e200000, 0x000000070e300000|  0%| F|  |TAMS 0x000000070e200000, 0x000000070e200000| Untracked 
| 177|0x000000070e300000, 0x000000070e300000, 0x000000070e400000|  0%| F|  |TAMS 0x000000070e300000, 0x000000070e300000| Untracked 
| 178|0x000000070e400000, 0x000000070e400000, 0x000000070e500000|  0%| F|  |TAMS 0x000000070e400000, 0x000000070e400000| Untracked 
| 179|0x000000070e500000, 0x000000070e500000, 0x000000070e600000|  0%| F|  |TAMS 0x000000070e500000, 0x000000070e500000| Untracked 
| 180|0x000000070e600000, 0x000000070e600000, 0x000000070e700000|  0%| F|  |TAMS 0x000000070e600000, 0x000000070e600000| Untracked 
| 181|0x000000070e700000, 0x000000070e700000, 0x000000070e800000|  0%| F|  |TAMS 0x000000070e700000, 0x000000070e700000| Untracked 
| 182|0x000000070e800000, 0x000000070e800000, 0x000000070e900000|  0%| F|  |TAMS 0x000000070e800000, 0x000000070e800000| Untracked 
| 183|0x000000070e900000, 0x000000070ea00000, 0x000000070ea00000|100%| S|CS|TAMS 0x000000070e900000, 0x000000070e900000| Complete 
| 184|0x000000070ea00000, 0x000000070eb00000, 0x000000070eb00000|100%| S|CS|TAMS 0x000000070ea00000, 0x000000070ea00000| Complete 
| 185|0x000000070eb00000, 0x000000070ec00000, 0x000000070ec00000|100%| S|CS|TAMS 0x000000070eb00000, 0x000000070eb00000| Complete 
| 186|0x000000070ec00000, 0x000000070ed00000, 0x000000070ed00000|100%| S|CS|TAMS 0x000000070ec00000, 0x000000070ec00000| Complete 
| 187|0x000000070ed00000, 0x000000070ee00000, 0x000000070ee00000|100%| S|CS|TAMS 0x000000070ed00000, 0x000000070ed00000| Complete 
| 188|0x000000070ee00000, 0x000000070ef00000, 0x000000070ef00000|100%| S|CS|TAMS 0x000000070ee00000, 0x000000070ee00000| Complete 
| 189|0x000000070ef00000, 0x000000070f000000, 0x000000070f000000|100%| S|CS|TAMS 0x000000070ef00000, 0x000000070ef00000| Complete 
| 190|0x000000070f000000, 0x000000070f100000, 0x000000070f100000|100%| S|CS|TAMS 0x000000070f000000, 0x000000070f000000| Complete 
| 191|0x000000070f100000, 0x000000070f100000, 0x000000070f200000|  0%| F|  |TAMS 0x000000070f100000, 0x000000070f100000| Untracked 
| 192|0x000000070f200000, 0x000000070f300000, 0x000000070f300000|100%| S|CS|TAMS 0x000000070f200000, 0x000000070f200000| Complete 
| 193|0x000000070f300000, 0x000000070f400000, 0x000000070f400000|100%| S|CS|TAMS 0x000000070f300000, 0x000000070f300000| Complete 
| 194|0x000000070f400000, 0x000000070f500000, 0x000000070f500000|100%| S|CS|TAMS 0x000000070f400000, 0x000000070f400000| Complete 
| 195|0x000000070f500000, 0x000000070f600000, 0x000000070f600000|100%| S|CS|TAMS 0x000000070f500000, 0x000000070f500000| Complete 
| 196|0x000000070f600000, 0x000000070f700000, 0x000000070f700000|100%| S|CS|TAMS 0x000000070f600000, 0x000000070f600000| Complete 
| 197|0x000000070f700000, 0x000000070f800000, 0x000000070f800000|100%| S|CS|TAMS 0x000000070f700000, 0x000000070f700000| Complete 
| 198|0x000000070f800000, 0x000000070f900000, 0x000000070f900000|100%| S|CS|TAMS 0x000000070f800000, 0x000000070f800000| Complete 
| 199|0x000000070f900000, 0x000000070fa00000, 0x000000070fa00000|100%| S|CS|TAMS 0x000000070f900000, 0x000000070f900000| Complete 
| 200|0x000000070fa00000, 0x000000070fb00000, 0x000000070fb00000|100%| S|CS|TAMS 0x000000070fa00000, 0x000000070fa00000| Complete 
| 201|0x000000070fb00000, 0x000000070fc00000, 0x000000070fc00000|100%| S|CS|TAMS 0x000000070fb00000, 0x000000070fb00000| Complete 
| 202|0x000000070fc00000, 0x000000070fd00000, 0x000000070fd00000|100%| S|CS|TAMS 0x000000070fc00000, 0x000000070fc00000| Complete 
| 203|0x000000070fd00000, 0x000000070fe00000, 0x000000070fe00000|100%| S|CS|TAMS 0x000000070fd00000, 0x000000070fd00000| Complete 
| 204|0x000000070fe00000, 0x000000070fe00000, 0x000000070ff00000|  0%| F|  |TAMS 0x000000070fe00000, 0x000000070fe00000| Untracked 
| 205|0x000000070ff00000, 0x000000070ff00000, 0x0000000710000000|  0%| F|  |TAMS 0x000000070ff00000, 0x000000070ff00000| Untracked 
| 206|0x0000000710000000, 0x0000000710000000, 0x0000000710100000|  0%| F|  |TAMS 0x0000000710000000, 0x0000000710000000| Untracked 
| 207|0x0000000710100000, 0x0000000710100000, 0x0000000710200000|  0%| F|  |TAMS 0x0000000710100000, 0x0000000710100000| Untracked 
| 208|0x0000000710200000, 0x0000000710200000, 0x0000000710300000|  0%| F|  |TAMS 0x0000000710200000, 0x0000000710200000| Untracked 
| 209|0x0000000710300000, 0x0000000710300000, 0x0000000710400000|  0%| F|  |TAMS 0x0000000710300000, 0x0000000710300000| Untracked 
| 210|0x0000000710400000, 0x0000000710400000, 0x0000000710500000|  0%| F|  |TAMS 0x0000000710400000, 0x0000000710400000| Untracked 
| 211|0x0000000710500000, 0x0000000710500000, 0x0000000710600000|  0%| F|  |TAMS 0x0000000710500000, 0x0000000710500000| Untracked 
| 212|0x0000000710600000, 0x0000000710600000, 0x0000000710700000|  0%| F|  |TAMS 0x0000000710600000, 0x0000000710600000| Untracked 
| 213|0x0000000710700000, 0x0000000710700000, 0x0000000710800000|  0%| F|  |TAMS 0x0000000710700000, 0x0000000710700000| Untracked 
| 214|0x0000000710800000, 0x0000000710800000, 0x0000000710900000|  0%| F|  |TAMS 0x0000000710800000, 0x0000000710800000| Untracked 
| 215|0x0000000710900000, 0x0000000710900000, 0x0000000710a00000|  0%| F|  |TAMS 0x0000000710900000, 0x0000000710900000| Untracked 
| 216|0x0000000710a00000, 0x0000000710a00000, 0x0000000710b00000|  0%| F|  |TAMS 0x0000000710a00000, 0x0000000710a00000| Untracked 
| 217|0x0000000710b00000, 0x0000000710b00000, 0x0000000710c00000|  0%| F|  |TAMS 0x0000000710b00000, 0x0000000710b00000| Untracked 
| 218|0x0000000710c00000, 0x0000000710c00000, 0x0000000710d00000|  0%| F|  |TAMS 0x0000000710c00000, 0x0000000710c00000| Untracked 
| 219|0x0000000710d00000, 0x0000000710d00000, 0x0000000710e00000|  0%| F|  |TAMS 0x0000000710d00000, 0x0000000710d00000| Untracked 
| 220|0x0000000710e00000, 0x0000000710e00000, 0x0000000710f00000|  0%| F|  |TAMS 0x0000000710e00000, 0x0000000710e00000| Untracked 
| 221|0x0000000710f00000, 0x0000000710f00000, 0x0000000711000000|  0%| F|  |TAMS 0x0000000710f00000, 0x0000000710f00000| Untracked 
| 222|0x0000000711000000, 0x0000000711000000, 0x0000000711100000|  0%| F|  |TAMS 0x0000000711000000, 0x0000000711000000| Untracked 
| 223|0x0000000711100000, 0x0000000711100000, 0x0000000711200000|  0%| F|  |TAMS 0x0000000711100000, 0x0000000711100000| Untracked 
| 224|0x0000000711200000, 0x0000000711200000, 0x0000000711300000|  0%| F|  |TAMS 0x0000000711200000, 0x0000000711200000| Untracked 
| 225|0x0000000711300000, 0x0000000711300000, 0x0000000711400000|  0%| F|  |TAMS 0x0000000711300000, 0x0000000711300000| Untracked 
| 226|0x0000000711400000, 0x0000000711400000, 0x0000000711500000|  0%| F|  |TAMS 0x0000000711400000, 0x0000000711400000| Untracked 
| 227|0x0000000711500000, 0x0000000711500000, 0x0000000711600000|  0%| F|  |TAMS 0x0000000711500000, 0x0000000711500000| Untracked 
| 228|0x0000000711600000, 0x0000000711600000, 0x0000000711700000|  0%| F|  |TAMS 0x0000000711600000, 0x0000000711600000| Untracked 
| 229|0x0000000711700000, 0x0000000711700000, 0x0000000711800000|  0%| F|  |TAMS 0x0000000711700000, 0x0000000711700000| Untracked 
| 230|0x0000000711800000, 0x0000000711800000, 0x0000000711900000|  0%| F|  |TAMS 0x0000000711800000, 0x0000000711800000| Untracked 
| 231|0x0000000711900000, 0x0000000711900000, 0x0000000711a00000|  0%| F|  |TAMS 0x0000000711900000, 0x0000000711900000| Untracked 
| 232|0x0000000711a00000, 0x0000000711a00000, 0x0000000711b00000|  0%| F|  |TAMS 0x0000000711a00000, 0x0000000711a00000| Untracked 
| 233|0x0000000711b00000, 0x0000000711b00000, 0x0000000711c00000|  0%| F|  |TAMS 0x0000000711b00000, 0x0000000711b00000| Untracked 
| 234|0x0000000711c00000, 0x0000000711c00000, 0x0000000711d00000|  0%| F|  |TAMS 0x0000000711c00000, 0x0000000711c00000| Untracked 
| 235|0x0000000711d00000, 0x0000000711d00000, 0x0000000711e00000|  0%| F|  |TAMS 0x0000000711d00000, 0x0000000711d00000| Untracked 
| 236|0x0000000711e00000, 0x0000000711e00000, 0x0000000711f00000|  0%| F|  |TAMS 0x0000000711e00000, 0x0000000711e00000| Untracked 
| 237|0x0000000711f00000, 0x0000000711f00000, 0x0000000712000000|  0%| F|  |TAMS 0x0000000711f00000, 0x0000000711f00000| Untracked 
| 238|0x0000000712000000, 0x0000000712000000, 0x0000000712100000|  0%| F|  |TAMS 0x0000000712000000, 0x0000000712000000| Untracked 
| 239|0x0000000712100000, 0x0000000712100000, 0x0000000712200000|  0%| F|  |TAMS 0x0000000712100000, 0x0000000712100000| Untracked 
| 240|0x0000000712200000, 0x0000000712200000, 0x0000000712300000|  0%| F|  |TAMS 0x0000000712200000, 0x0000000712200000| Untracked 
| 241|0x0000000712300000, 0x0000000712300000, 0x0000000712400000|  0%| F|  |TAMS 0x0000000712300000, 0x0000000712300000| Untracked 
| 242|0x0000000712400000, 0x0000000712400000, 0x0000000712500000|  0%| F|  |TAMS 0x0000000712400000, 0x0000000712400000| Untracked 
| 243|0x0000000712500000, 0x0000000712500000, 0x0000000712600000|  0%| F|  |TAMS 0x0000000712500000, 0x0000000712500000| Untracked 
| 244|0x0000000712600000, 0x0000000712600000, 0x0000000712700000|  0%| F|  |TAMS 0x0000000712600000, 0x0000000712600000| Untracked 
| 245|0x0000000712700000, 0x0000000712700000, 0x0000000712800000|  0%| F|  |TAMS 0x0000000712700000, 0x0000000712700000| Untracked 
| 246|0x0000000712800000, 0x0000000712800000, 0x0000000712900000|  0%| F|  |TAMS 0x0000000712800000, 0x0000000712800000| Untracked 
| 247|0x0000000712900000, 0x0000000712900000, 0x0000000712a00000|  0%| F|  |TAMS 0x0000000712900000, 0x0000000712900000| Untracked 
| 248|0x0000000712a00000, 0x0000000712a00000, 0x0000000712b00000|  0%| F|  |TAMS 0x0000000712a00000, 0x0000000712a00000| Untracked 
| 249|0x0000000712b00000, 0x0000000712b00000, 0x0000000712c00000|  0%| F|  |TAMS 0x0000000712b00000, 0x0000000712b00000| Untracked 
| 250|0x0000000712c00000, 0x0000000712c00000, 0x0000000712d00000|  0%| F|  |TAMS 0x0000000712c00000, 0x0000000712c00000| Untracked 
| 251|0x0000000712d00000, 0x0000000712d00000, 0x0000000712e00000|  0%| F|  |TAMS 0x0000000712d00000, 0x0000000712d00000| Untracked 
| 252|0x0000000712e00000, 0x0000000712e00000, 0x0000000712f00000|  0%| F|  |TAMS 0x0000000712e00000, 0x0000000712e00000| Untracked 
| 253|0x0000000712f00000, 0x0000000712f00000, 0x0000000713000000|  0%| F|  |TAMS 0x0000000712f00000, 0x0000000712f00000| Untracked 
| 254|0x0000000713000000, 0x0000000713000000, 0x0000000713100000|  0%| F|  |TAMS 0x0000000713000000, 0x0000000713000000| Untracked 
| 255|0x0000000713100000, 0x0000000713100000, 0x0000000713200000|  0%| F|  |TAMS 0x0000000713100000, 0x0000000713100000| Untracked 
| 256|0x0000000713200000, 0x0000000713200000, 0x0000000713300000|  0%| F|  |TAMS 0x0000000713200000, 0x0000000713200000| Untracked 
| 257|0x0000000713300000, 0x0000000713300000, 0x0000000713400000|  0%| F|  |TAMS 0x0000000713300000, 0x0000000713300000| Untracked 
| 258|0x0000000713400000, 0x0000000713400000, 0x0000000713500000|  0%| F|  |TAMS 0x0000000713400000, 0x0000000713400000| Untracked 
| 259|0x0000000713500000, 0x0000000713500000, 0x0000000713600000|  0%| F|  |TAMS 0x0000000713500000, 0x0000000713500000| Untracked 
| 260|0x0000000713600000, 0x0000000713600000, 0x0000000713700000|  0%| F|  |TAMS 0x0000000713600000, 0x0000000713600000| Untracked 
| 261|0x0000000713700000, 0x0000000713700000, 0x0000000713800000|  0%| F|  |TAMS 0x0000000713700000, 0x0000000713700000| Untracked 
| 262|0x0000000713800000, 0x0000000713800000, 0x0000000713900000|  0%| F|  |TAMS 0x0000000713800000, 0x0000000713800000| Untracked 
| 263|0x0000000713900000, 0x0000000713900000, 0x0000000713a00000|  0%| F|  |TAMS 0x0000000713900000, 0x0000000713900000| Untracked 
| 264|0x0000000713a00000, 0x0000000713a00000, 0x0000000713b00000|  0%| F|  |TAMS 0x0000000713a00000, 0x0000000713a00000| Untracked 
| 265|0x0000000713b00000, 0x0000000713b00000, 0x0000000713c00000|  0%| F|  |TAMS 0x0000000713b00000, 0x0000000713b00000| Untracked 
| 266|0x0000000713c00000, 0x0000000713c00000, 0x0000000713d00000|  0%| F|  |TAMS 0x0000000713c00000, 0x0000000713c00000| Untracked 
| 267|0x0000000713d00000, 0x0000000713d00000, 0x0000000713e00000|  0%| F|  |TAMS 0x0000000713d00000, 0x0000000713d00000| Untracked 
| 268|0x0000000713e00000, 0x0000000713e00000, 0x0000000713f00000|  0%| F|  |TAMS 0x0000000713e00000, 0x0000000713e00000| Untracked 
| 269|0x0000000713f00000, 0x0000000713f00000, 0x0000000714000000|  0%| F|  |TAMS 0x0000000713f00000, 0x0000000713f00000| Untracked 
| 270|0x0000000714000000, 0x0000000714000000, 0x0000000714100000|  0%| F|  |TAMS 0x0000000714000000, 0x0000000714000000| Untracked 
| 271|0x0000000714100000, 0x0000000714100000, 0x0000000714200000|  0%| F|  |TAMS 0x0000000714100000, 0x0000000714100000| Untracked 
| 272|0x0000000714200000, 0x0000000714200000, 0x0000000714300000|  0%| F|  |TAMS 0x0000000714200000, 0x0000000714200000| Untracked 
| 273|0x0000000714300000, 0x0000000714300000, 0x0000000714400000|  0%| F|  |TAMS 0x0000000714300000, 0x0000000714300000| Untracked 
| 274|0x0000000714400000, 0x0000000714400000, 0x0000000714500000|  0%| F|  |TAMS 0x0000000714400000, 0x0000000714400000| Untracked 
| 275|0x0000000714500000, 0x0000000714500000, 0x0000000714600000|  0%| F|  |TAMS 0x0000000714500000, 0x0000000714500000| Untracked 
| 276|0x0000000714600000, 0x0000000714600000, 0x0000000714700000|  0%| F|  |TAMS 0x0000000714600000, 0x0000000714600000| Untracked 
| 277|0x0000000714700000, 0x0000000714700000, 0x0000000714800000|  0%| F|  |TAMS 0x0000000714700000, 0x0000000714700000| Untracked 
| 278|0x0000000714800000, 0x0000000714800000, 0x0000000714900000|  0%| F|  |TAMS 0x0000000714800000, 0x0000000714800000| Untracked 
| 279|0x0000000714900000, 0x0000000714900000, 0x0000000714a00000|  0%| F|  |TAMS 0x0000000714900000, 0x0000000714900000| Untracked 
| 280|0x0000000714a00000, 0x0000000714a00000, 0x0000000714b00000|  0%| F|  |TAMS 0x0000000714a00000, 0x0000000714a00000| Untracked 
| 281|0x0000000714b00000, 0x0000000714b00000, 0x0000000714c00000|  0%| F|  |TAMS 0x0000000714b00000, 0x0000000714b00000| Untracked 
| 282|0x0000000714c00000, 0x0000000714c00000, 0x0000000714d00000|  0%| F|  |TAMS 0x0000000714c00000, 0x0000000714c00000| Untracked 
| 283|0x0000000714d00000, 0x0000000714d00000, 0x0000000714e00000|  0%| F|  |TAMS 0x0000000714d00000, 0x0000000714d00000| Untracked 
| 284|0x0000000714e00000, 0x0000000714e00000, 0x0000000714f00000|  0%| F|  |TAMS 0x0000000714e00000, 0x0000000714e00000| Untracked 
| 285|0x0000000714f00000, 0x0000000714f00000, 0x0000000715000000|  0%| F|  |TAMS 0x0000000714f00000, 0x0000000714f00000| Untracked 
| 286|0x0000000715000000, 0x0000000715000000, 0x0000000715100000|  0%| F|  |TAMS 0x0000000715000000, 0x0000000715000000| Untracked 
| 287|0x0000000715100000, 0x0000000715100000, 0x0000000715200000|  0%| F|  |TAMS 0x0000000715100000, 0x0000000715100000| Untracked 
| 288|0x0000000715200000, 0x0000000715200000, 0x0000000715300000|  0%| F|  |TAMS 0x0000000715200000, 0x0000000715200000| Untracked 
| 289|0x0000000715300000, 0x0000000715300000, 0x0000000715400000|  0%| F|  |TAMS 0x0000000715300000, 0x0000000715300000| Untracked 
| 290|0x0000000715400000, 0x0000000715400000, 0x0000000715500000|  0%| F|  |TAMS 0x0000000715400000, 0x0000000715400000| Untracked 
| 291|0x0000000715500000, 0x0000000715500000, 0x0000000715600000|  0%| F|  |TAMS 0x0000000715500000, 0x0000000715500000| Untracked 
| 292|0x0000000715600000, 0x0000000715600000, 0x0000000715700000|  0%| F|  |TAMS 0x0000000715600000, 0x0000000715600000| Untracked 
| 293|0x0000000715700000, 0x0000000715780800, 0x0000000715800000| 50%| E|  |TAMS 0x0000000715700000, 0x0000000715700000| Complete 
| 294|0x0000000715800000, 0x0000000715900000, 0x0000000715900000|100%| E|CS|TAMS 0x0000000715800000, 0x0000000715800000| Complete 
| 295|0x0000000715900000, 0x0000000715a00000, 0x0000000715a00000|100%| E|CS|TAMS 0x0000000715900000, 0x0000000715900000| Complete 
| 296|0x0000000715a00000, 0x0000000715b00000, 0x0000000715b00000|100%| E|CS|TAMS 0x0000000715a00000, 0x0000000715a00000| Complete 
| 297|0x0000000715b00000, 0x0000000715c00000, 0x0000000715c00000|100%| E|CS|TAMS 0x0000000715b00000, 0x0000000715b00000| Complete 
| 298|0x0000000715c00000, 0x0000000715d00000, 0x0000000715d00000|100%| E|CS|TAMS 0x0000000715c00000, 0x0000000715c00000| Complete 
| 299|0x0000000715d00000, 0x0000000715e00000, 0x0000000715e00000|100%| E|CS|TAMS 0x0000000715d00000, 0x0000000715d00000| Complete 
| 300|0x0000000715e00000, 0x0000000715f00000, 0x0000000715f00000|100%| E|CS|TAMS 0x0000000715e00000, 0x0000000715e00000| Complete 
| 301|0x0000000715f00000, 0x0000000716000000, 0x0000000716000000|100%| E|CS|TAMS 0x0000000715f00000, 0x0000000715f00000| Complete 
| 302|0x0000000716000000, 0x0000000716100000, 0x0000000716100000|100%| E|CS|TAMS 0x0000000716000000, 0x0000000716000000| Complete 
| 303|0x0000000716100000, 0x0000000716200000, 0x0000000716200000|100%| E|CS|TAMS 0x0000000716100000, 0x0000000716100000| Complete 
| 304|0x0000000716200000, 0x0000000716300000, 0x0000000716300000|100%| E|CS|TAMS 0x0000000716200000, 0x0000000716200000| Complete 
| 305|0x0000000716300000, 0x0000000716400000, 0x0000000716400000|100%| E|CS|TAMS 0x0000000716300000, 0x0000000716300000| Complete 
| 306|0x0000000716400000, 0x0000000716500000, 0x0000000716500000|100%| E|CS|TAMS 0x0000000716400000, 0x0000000716400000| Complete 
| 307|0x0000000716500000, 0x0000000716600000, 0x0000000716600000|100%| E|CS|TAMS 0x0000000716500000, 0x0000000716500000| Complete 
| 308|0x0000000716600000, 0x0000000716700000, 0x0000000716700000|100%| E|CS|TAMS 0x0000000716600000, 0x0000000716600000| Complete 
| 309|0x0000000716700000, 0x0000000716800000, 0x0000000716800000|100%| E|CS|TAMS 0x0000000716700000, 0x0000000716700000| Complete 
| 310|0x0000000716800000, 0x0000000716900000, 0x0000000716900000|100%| E|CS|TAMS 0x0000000716800000, 0x0000000716800000| Complete 
| 311|0x0000000716900000, 0x0000000716a00000, 0x0000000716a00000|100%| E|CS|TAMS 0x0000000716900000, 0x0000000716900000| Complete 
| 312|0x0000000716a00000, 0x0000000716b00000, 0x0000000716b00000|100%| E|CS|TAMS 0x0000000716a00000, 0x0000000716a00000| Complete 
| 313|0x0000000716b00000, 0x0000000716c00000, 0x0000000716c00000|100%| E|CS|TAMS 0x0000000716b00000, 0x0000000716b00000| Complete 
| 314|0x0000000716c00000, 0x0000000716d00000, 0x0000000716d00000|100%| E|CS|TAMS 0x0000000716c00000, 0x0000000716c00000| Complete 
| 315|0x0000000716d00000, 0x0000000716e00000, 0x0000000716e00000|100%| E|CS|TAMS 0x0000000716d00000, 0x0000000716d00000| Complete 
| 316|0x0000000716e00000, 0x0000000716f00000, 0x0000000716f00000|100%| E|CS|TAMS 0x0000000716e00000, 0x0000000716e00000| Complete 
| 317|0x0000000716f00000, 0x0000000717000000, 0x0000000717000000|100%| E|CS|TAMS 0x0000000716f00000, 0x0000000716f00000| Complete 
| 318|0x0000000717000000, 0x0000000717100000, 0x0000000717100000|100%| E|CS|TAMS 0x0000000717000000, 0x0000000717000000| Complete 
| 319|0x0000000717100000, 0x0000000717200000, 0x0000000717200000|100%| E|CS|TAMS 0x0000000717100000, 0x0000000717100000| Complete 
| 320|0x0000000717200000, 0x0000000717300000, 0x0000000717300000|100%| E|CS|TAMS 0x0000000717200000, 0x0000000717200000| Complete 
| 321|0x0000000717300000, 0x0000000717400000, 0x0000000717400000|100%| E|CS|TAMS 0x0000000717300000, 0x0000000717300000| Complete 
| 322|0x0000000717400000, 0x0000000717500000, 0x0000000717500000|100%| E|CS|TAMS 0x0000000717400000, 0x0000000717400000| Complete 
| 323|0x0000000717500000, 0x0000000717600000, 0x0000000717600000|100%| E|CS|TAMS 0x0000000717500000, 0x0000000717500000| Complete 
| 324|0x0000000717600000, 0x0000000717700000, 0x0000000717700000|100%| E|CS|TAMS 0x0000000717600000, 0x0000000717600000| Complete 
| 325|0x0000000717700000, 0x0000000717800000, 0x0000000717800000|100%| E|CS|TAMS 0x0000000717700000, 0x0000000717700000| Complete 
| 326|0x0000000717800000, 0x0000000717900000, 0x0000000717900000|100%| E|CS|TAMS 0x0000000717800000, 0x0000000717800000| Complete 
| 327|0x0000000717900000, 0x0000000717a00000, 0x0000000717a00000|100%| E|CS|TAMS 0x0000000717900000, 0x0000000717900000| Complete 
| 328|0x0000000717a00000, 0x0000000717b00000, 0x0000000717b00000|100%| E|CS|TAMS 0x0000000717a00000, 0x0000000717a00000| Complete 
| 329|0x0000000717b00000, 0x0000000717c00000, 0x0000000717c00000|100%| E|CS|TAMS 0x0000000717b00000, 0x0000000717b00000| Complete 
| 330|0x0000000717c00000, 0x0000000717d00000, 0x0000000717d00000|100%| E|CS|TAMS 0x0000000717c00000, 0x0000000717c00000| Complete 
| 331|0x0000000717d00000, 0x0000000717e00000, 0x0000000717e00000|100%| E|CS|TAMS 0x0000000717d00000, 0x0000000717d00000| Complete 
| 332|0x0000000717e00000, 0x0000000717f00000, 0x0000000717f00000|100%| E|CS|TAMS 0x0000000717e00000, 0x0000000717e00000| Complete 
| 333|0x0000000717f00000, 0x0000000718000000, 0x0000000718000000|100%| E|CS|TAMS 0x0000000717f00000, 0x0000000717f00000| Complete 
| 334|0x0000000718000000, 0x0000000718100000, 0x0000000718100000|100%| E|CS|TAMS 0x0000000718000000, 0x0000000718000000| Complete 
| 335|0x0000000718100000, 0x0000000718200000, 0x0000000718200000|100%| E|CS|TAMS 0x0000000718100000, 0x0000000718100000| Complete 
| 336|0x0000000718200000, 0x0000000718300000, 0x0000000718300000|100%| E|CS|TAMS 0x0000000718200000, 0x0000000718200000| Complete 
| 337|0x0000000718300000, 0x0000000718400000, 0x0000000718400000|100%| E|CS|TAMS 0x0000000718300000, 0x0000000718300000| Complete 
| 338|0x0000000718400000, 0x0000000718500000, 0x0000000718500000|100%| E|CS|TAMS 0x0000000718400000, 0x0000000718400000| Complete 
| 339|0x0000000718500000, 0x0000000718600000, 0x0000000718600000|100%| E|CS|TAMS 0x0000000718500000, 0x0000000718500000| Complete 
| 340|0x0000000718600000, 0x0000000718700000, 0x0000000718700000|100%| E|CS|TAMS 0x0000000718600000, 0x0000000718600000| Complete 
| 341|0x0000000718700000, 0x0000000718800000, 0x0000000718800000|100%| E|CS|TAMS 0x0000000718700000, 0x0000000718700000| Complete 
| 342|0x0000000718800000, 0x0000000718900000, 0x0000000718900000|100%| E|CS|TAMS 0x0000000718800000, 0x0000000718800000| Complete 
| 343|0x0000000718900000, 0x0000000718a00000, 0x0000000718a00000|100%| E|CS|TAMS 0x0000000718900000, 0x0000000718900000| Complete 
| 344|0x0000000718a00000, 0x0000000718b00000, 0x0000000718b00000|100%| E|CS|TAMS 0x0000000718a00000, 0x0000000718a00000| Complete 
| 345|0x0000000718b00000, 0x0000000718c00000, 0x0000000718c00000|100%| E|CS|TAMS 0x0000000718b00000, 0x0000000718b00000| Complete 
| 346|0x0000000718c00000, 0x0000000718d00000, 0x0000000718d00000|100%| E|CS|TAMS 0x0000000718c00000, 0x0000000718c00000| Complete 
| 347|0x0000000718d00000, 0x0000000718e00000, 0x0000000718e00000|100%| E|CS|TAMS 0x0000000718d00000, 0x0000000718d00000| Complete 
| 348|0x0000000718e00000, 0x0000000718f00000, 0x0000000718f00000|100%| E|CS|TAMS 0x0000000718e00000, 0x0000000718e00000| Complete 
| 349|0x0000000718f00000, 0x0000000719000000, 0x0000000719000000|100%| E|CS|TAMS 0x0000000718f00000, 0x0000000718f00000| Complete 
| 350|0x0000000719000000, 0x0000000719100000, 0x0000000719100000|100%| E|CS|TAMS 0x0000000719000000, 0x0000000719000000| Complete 
| 351|0x0000000719100000, 0x0000000719200000, 0x0000000719200000|100%| E|CS|TAMS 0x0000000719100000, 0x0000000719100000| Complete 
| 352|0x0000000719200000, 0x0000000719300000, 0x0000000719300000|100%| E|CS|TAMS 0x0000000719200000, 0x0000000719200000| Complete 
| 353|0x0000000719300000, 0x0000000719400000, 0x0000000719400000|100%| E|CS|TAMS 0x0000000719300000, 0x0000000719300000| Complete 
| 354|0x0000000719400000, 0x0000000719500000, 0x0000000719500000|100%| E|CS|TAMS 0x0000000719400000, 0x0000000719400000| Complete 
| 355|0x0000000719500000, 0x0000000719600000, 0x0000000719600000|100%| E|CS|TAMS 0x0000000719500000, 0x0000000719500000| Complete 
| 356|0x0000000719600000, 0x0000000719700000, 0x0000000719700000|100%| E|CS|TAMS 0x0000000719600000, 0x0000000719600000| Complete 
| 357|0x0000000719700000, 0x0000000719800000, 0x0000000719800000|100%| E|CS|TAMS 0x0000000719700000, 0x0000000719700000| Complete 
| 358|0x0000000719800000, 0x0000000719900000, 0x0000000719900000|100%| E|CS|TAMS 0x0000000719800000, 0x0000000719800000| Complete 
| 359|0x0000000719900000, 0x0000000719a00000, 0x0000000719a00000|100%| E|CS|TAMS 0x0000000719900000, 0x0000000719900000| Complete 
| 360|0x0000000719a00000, 0x0000000719b00000, 0x0000000719b00000|100%| E|CS|TAMS 0x0000000719a00000, 0x0000000719a00000| Complete 
| 361|0x0000000719b00000, 0x0000000719c00000, 0x0000000719c00000|100%| E|CS|TAMS 0x0000000719b00000, 0x0000000719b00000| Complete 
| 362|0x0000000719c00000, 0x0000000719d00000, 0x0000000719d00000|100%| E|CS|TAMS 0x0000000719c00000, 0x0000000719c00000| Complete 
| 363|0x0000000719d00000, 0x0000000719e00000, 0x0000000719e00000|100%| E|CS|TAMS 0x0000000719d00000, 0x0000000719d00000| Complete 
| 364|0x0000000719e00000, 0x0000000719f00000, 0x0000000719f00000|100%| E|CS|TAMS 0x0000000719e00000, 0x0000000719e00000| Complete 
| 365|0x0000000719f00000, 0x000000071a000000, 0x000000071a000000|100%| E|CS|TAMS 0x0000000719f00000, 0x0000000719f00000| Complete 

Card table byte_map: [0x0000013337bb0000,0x00000133383a0000] _byte_map_base: 0x0000013334397000

Marking Bits (Prev, Next): (CMBitMap*) 0x0000013323ebfd30, (CMBitMap*) 0x0000013323ebfcf8
 Prev Bits: [0x000001333cad0000, 0x0000013340a08000)
 Next Bits: [0x0000013338b90000, 0x000001333cac8000)

Polling page: 0x0000013322540000

Metaspace:

Usage:
  Non-class:     75.01 MB capacity,    74.48 MB (>99%) used,   413.52 KB ( <1%) free+waste,   130.44 KB ( <1%) overhead. 
      Class:      9.05 MB capacity,     8.71 MB ( 96%) used,   291.61 KB (  3%) free+waste,    52.50 KB ( <1%) overhead. 
       Both:     84.06 MB capacity,    83.19 MB ( 99%) used,   705.13 KB ( <1%) free+waste,   182.94 KB ( <1%) overhead. 

Virtual space:
  Non-class space:       76.00 MB reserved,      75.25 MB (>99%) committed 
      Class space:        1.00 GB reserved,       9.07 MB ( <1%) committed 
             Both:        1.07 GB reserved,      84.33 MB (  8%) committed 

Chunk freelists:
   Non-Class:  58.00 KB
       Class:  12.00 KB
        Both:  70.00 KB

MaxMetaspaceSize: 17179869184.00 GB
CompressedClassSpaceSize: 1.00 GB

CodeHeap 'non-profiled nmethods': size=120000Kb used=11123Kb max_used=11123Kb free=108877Kb
 bounds [0x000001332f430000, 0x000001332ff10000, 0x0000013336960000]
CodeHeap 'profiled nmethods': size=120000Kb used=53315Kb max_used=53315Kb free=66685Kb
 bounds [0x0000013327f00000, 0x000001332b330000, 0x000001332f430000]
CodeHeap 'non-nmethods': size=5760Kb used=1311Kb max_used=1361Kb free=4448Kb
 bounds [0x0000013327960000, 0x0000013327bd0000, 0x0000013327f00000]
 total_blobs=16744 nmethods=16082 adapters=567
 compilation: enabled
              stopped_count=0, restarted_count=0
 full_count=0

Compilation events (20 events):
Event: 12.857 Thread 0x0000013343e60800 nmethod 17513 0x000001332ff09710 code [0x000001332ff098c0, 0x000001332ff09978]
Event: 12.857 Thread 0x0000013343e60800 17526       1       org.jetbrains.kotlin.backend.common.ir.Ir::getContext (5 bytes)
Event: 12.857 Thread 0x0000013343e60800 nmethod 17526 0x000001332ff09a10 code [0x000001332ff09bc0, 0x000001332ff09c78]
Event: 12.858 Thread 0x0000013343e60800 17614       3       org.jetbrains.kotlin.ir.util.IrUtilsKt::usesDefaultArguments (110 bytes)
Event: 12.858 Thread 0x0000013343e60800 nmethod 17614 0x000001332b2eb510 code [0x000001332b2eb840, 0x000001332b2ece08]
Event: 12.858 Thread 0x0000013343e60800 17613       3       org.jetbrains.kotlin.backend.jvm.lower.SyntheticAccessorLowering::visitFunctionAccess (274 bytes)
Event: 12.860 Thread 0x0000013343e60800 nmethod 17613 0x000001332b2ed390 code [0x000001332b2edbc0, 0x000001332b2f29b8]
Event: 12.860 Thread 0x0000013343e60800 17617       3       org.jetbrains.kotlin.ir.visitors.IrElementTransformer$DefaultImpls::visitWhen (24 bytes)
Event: 12.860 Thread 0x0000013343e60800 nmethod 17617 0x000001332b2f3d10 code [0x000001332b2f3fc0, 0x000001332b2f4ac8]
Event: 12.860 Thread 0x0000013343e60800 17620       3       org.jetbrains.kotlin.ir.visitors.IrElementTransformer$DefaultImpls::visitVariable (24 bytes)
Event: 12.861 Thread 0x0000013343e60800 nmethod 17620 0x000001332b2f4e90 code [0x000001332b2f5140, 0x000001332b2f5c48]
Event: 12.861 Thread 0x0000013343e60800 17621       3       org.jetbrains.kotlin.ir.visitors.IrElementTransformer$DefaultImpls::visitReturn (24 bytes)
Event: 12.861 Thread 0x0000013343e60800 nmethod 17621 0x000001332b2f6010 code [0x000001332b2f62c0, 0x000001332b2f6dc8]
Event: 12.861 Thread 0x0000013343e60800 17622       3       org.jetbrains.kotlin.ir.visitors.IrElementTransformer$DefaultImpls::visitBody (20 bytes)
Event: 12.861 Thread 0x0000013343e60800 nmethod 17622 0x000001332b2f7190 code [0x000001332b2f7440, 0x000001332b2f7f68]
Event: 12.861 Thread 0x0000013343e60800 17618       3       org.jetbrains.kotlin.backend.jvm.lower.JvmArgumentNullabilityAssertionsLowering::visitSimpleFunction (10 bytes)
Event: 12.861 Thread 0x0000013343e60800 nmethod 17618 0x000001332b2f8390 code [0x000001332b2f8600, 0x000001332b2f8f08]
Event: 12.861 Thread 0x0000013343e60800 17619       3       org.jetbrains.kotlin.backend.jvm.lower.JvmArgumentNullabilityAssertionsLowering::visitSimpleFunction (7 bytes)
Event: 12.862 Thread 0x0000013343e60800 nmethod 17619 0x000001332b2f9290 code [0x000001332b2f9560, 0x000001332b2fa228]
Event: 12.862 Thread 0x0000013343e60800 17635       3       org.jetbrains.kotlin.backend.jvm.lower.JvmArgumentNullabilityAssertionsLowering::visitMemberAccess (199 bytes)

GC Heap History (20 events):
Event: 1.660 GC heap before
{Heap before GC invocations=3 (full 0):
 garbage-first heap   total 260096K, used 65769K [0x0000000703200000, 0x0000000800000000)
  region size 1024K, 58 young (59392K), 7 survivors (7168K)
 Metaspace       used 31995K, capacity 32407K, committed 32688K, reserved 1077248K
  class space    used 3829K, capacity 4032K, committed 4096K, reserved 1048576K
}
Event: 1.670 GC heap after
{Heap after GC invocations=4 (full 0):
 garbage-first heap   total 260096K, used 18876K [0x0000000703200000, 0x0000000800000000)
  region size 1024K, 8 young (8192K), 8 survivors (8192K)
 Metaspace       used 31995K, capacity 32407K, committed 32688K, reserved 1077248K
  class space    used 3829K, capacity 4032K, committed 4096K, reserved 1048576K
}
Event: 1.885 GC heap before
{Heap before GC invocations=4 (full 0):
 garbage-first heap   total 260096K, used 35260K [0x0000000703200000, 0x0000000800000000)
  region size 1024K, 22 young (22528K), 8 survivors (8192K)
 Metaspace       used 33835K, capacity 34339K, committed 34608K, reserved 1079296K
  class space    used 4230K, capacity 4418K, committed 4480K, reserved 1048576K
}
Event: 1.894 GC heap after
{Heap after GC invocations=5 (full 0):
 garbage-first heap   total 260096K, used 24437K [0x0000000703200000, 0x0000000800000000)
  region size 1024K, 3 young (3072K), 3 survivors (3072K)
 Metaspace       used 33835K, capacity 34339K, committed 34608K, reserved 1079296K
  class space    used 4230K, capacity 4418K, committed 4480K, reserved 1048576K
}
Event: 2.003 GC heap before
{Heap before GC invocations=5 (full 0):
 garbage-first heap   total 260096K, used 30581K [0x0000000703200000, 0x0000000800000000)
  region size 1024K, 10 young (10240K), 3 survivors (3072K)
 Metaspace       used 35268K, capacity 35715K, committed 35920K, reserved 1081344K
  class space    used 4387K, capacity 4578K, committed 4608K, reserved 1048576K
}
Event: 2.007 GC heap after
{Heap after GC invocations=6 (full 0):
 garbage-first heap   total 312320K, used 25347K [0x0000000703200000, 0x0000000800000000)
  region size 1024K, 4 young (4096K), 4 survivors (4096K)
 Metaspace       used 35268K, capacity 35715K, committed 35920K, reserved 1081344K
  class space    used 4387K, capacity 4578K, committed 4608K, reserved 1048576K
}
Event: 2.908 GC heap before
{Heap before GC invocations=7 (full 0):
 garbage-first heap   total 312320K, used 90883K [0x0000000703200000, 0x0000000800000000)
  region size 1024K, 67 young (68608K), 4 survivors (4096K)
 Metaspace       used 45106K, capacity 45655K, committed 45852K, reserved 1089536K
  class space    used 5342K, capacity 5557K, committed 5580K, reserved 1048576K
}
Event: 2.914 GC heap after
{Heap after GC invocations=8 (full 0):
 garbage-first heap   total 312320K, used 31933K [0x0000000703200000, 0x0000000800000000)
  region size 1024K, 9 young (9216K), 9 survivors (9216K)
 Metaspace       used 45106K, capacity 45655K, committed 45852K, reserved 1089536K
  class space    used 5342K, capacity 5557K, committed 5580K, reserved 1048576K
}
Event: 4.073 GC heap before
{Heap before GC invocations=8 (full 0):
 garbage-first heap   total 312320K, used 131261K [0x0000000703200000, 0x0000000800000000)
  region size 1024K, 103 young (105472K), 9 survivors (9216K)
 Metaspace       used 53056K, capacity 53685K, committed 53916K, reserved 1097728K
  class space    used 6136K, capacity 6366K, committed 6476K, reserved 1048576K
}
Event: 4.085 GC heap after
{Heap after GC invocations=9 (full 0):
 garbage-first heap   total 312320K, used 44492K [0x0000000703200000, 0x0000000800000000)
  region size 1024K, 13 young (13312K), 13 survivors (13312K)
 Metaspace       used 53056K, capacity 53685K, committed 53916K, reserved 1097728K
  class space    used 6136K, capacity 6366K, committed 6476K, reserved 1048576K
}
Event: 5.219 GC heap before
{Heap before GC invocations=9 (full 0):
 garbage-first heap   total 312320K, used 116172K [0x0000000703200000, 0x0000000800000000)
  region size 1024K, 84 young (86016K), 13 survivors (13312K)
 Metaspace       used 59491K, capacity 60266K, committed 60420K, reserved 1103872K
  class space    used 6791K, capacity 7099K, committed 7116K, reserved 1048576K
}
Event: 5.247 GC heap after
{Heap after GC invocations=10 (full 0):
 garbage-first heap   total 312320K, used 53966K [0x0000000703200000, 0x0000000800000000)
  region size 1024K, 16 young (16384K), 16 survivors (16384K)
 Metaspace       used 59491K, capacity 60266K, committed 60420K, reserved 1103872K
  class space    used 6791K, capacity 7099K, committed 7116K, reserved 1048576K
}
Event: 6.719 GC heap before
{Heap before GC invocations=11 (full 0):
 garbage-first heap   total 312320K, used 163534K [0x0000000703200000, 0x0000000800000000)
  region size 1024K, 122 young (124928K), 16 survivors (16384K)
 Metaspace       used 63143K, capacity 63873K, committed 64208K, reserved 1105920K
  class space    used 6991K, capacity 7311K, committed 7372K, reserved 1048576K
}
Event: 6.734 GC heap after
{Heap after GC invocations=12 (full 0):
 garbage-first heap   total 312320K, used 65821K [0x0000000703200000, 0x0000000800000000)
  region size 1024K, 11 young (11264K), 11 survivors (11264K)
 Metaspace       used 63143K, capacity 63873K, committed 64208K, reserved 1105920K
  class space    used 6991K, capacity 7311K, committed 7372K, reserved 1048576K
}
Event: 7.896 GC heap before
{Heap before GC invocations=12 (full 0):
 garbage-first heap   total 312320K, used 185629K [0x0000000703200000, 0x0000000800000000)
  region size 1024K, 125 young (128000K), 11 survivors (11264K)
 Metaspace       used 64303K, capacity 65054K, committed 65232K, reserved 1107968K
  class space    used 7035K, capacity 7358K, committed 7372K, reserved 1048576K
}
Event: 7.910 GC heap after
{Heap after GC invocations=13 (full 0):
 garbage-first heap   total 374784K, used 81583K [0x0000000703200000, 0x0000000800000000)
  region size 1024K, 14 young (14336K), 14 survivors (14336K)
 Metaspace       used 64303K, capacity 65054K, committed 65232K, reserved 1107968K
  class space    used 7035K, capacity 7358K, committed 7372K, reserved 1048576K
}
Event: 10.621 GC heap before
{Heap before GC invocations=13 (full 0):
 garbage-first heap   total 374784K, used 259759K [0x0000000703200000, 0x0000000800000000)
  region size 1024K, 188 young (192512K), 14 survivors (14336K)
 Metaspace       used 73107K, capacity 73921K, committed 74064K, reserved 1116160K
  class space    used 7818K, capacity 8140K, committed 8268K, reserved 1048576K
}
Event: 10.639 GC heap after
{Heap after GC invocations=14 (full 0):
 garbage-first heap   total 374784K, used 95346K [0x0000000703200000, 0x0000000800000000)
  region size 1024K, 14 young (14336K), 14 survivors (14336K)
 Metaspace       used 73107K, capacity 73921K, committed 74064K, reserved 1116160K
  class space    used 7818K, capacity 8140K, committed 8268K, reserved 1048576K
}
Event: 12.088 GC heap before
{Heap before GC invocations=14 (full 0):
 garbage-first heap   total 374784K, used 261234K [0x0000000703200000, 0x0000000800000000)
  region size 1024K, 176 young (180224K), 14 survivors (14336K)
 Metaspace       used 77746K, capacity 78628K, committed 78800K, reserved 1120256K
  class space    used 8210K, capacity 8557K, committed 8652K, reserved 1048576K
}
Event: 12.115 GC heap after
{Heap after GC invocations=15 (full 0):
 garbage-first heap   total 374784K, used 128606K [0x0000000703200000, 0x0000000800000000)
  region size 1024K, 22 young (22528K), 22 survivors (22528K)
 Metaspace       used 77746K, capacity 78628K, committed 78800K, reserved 1120256K
  class space    used 8210K, capacity 8557K, committed 8652K, reserved 1048576K
}

Deoptimization events (20 events):
Event: 12.813 Thread 0x0000013323e5b000 Uncommon trap: trap_request=0xffffffde fr.pc=0x000001332fefce80 relative=0x0000000000000200
Event: 12.813 Thread 0x0000013323e5b000 Uncommon trap: reason=class_check action=maybe_recompile pc=0x000001332fefce80 method=org.jetbrains.kotlin.ir.types.IrTypeUtilsKt.isNullable(Lorg/jetbrains/kotlin/ir/types/IrType;)Z @ 78 c2
Event: 12.813 Thread 0x0000013323e5b000 DEOPT PACKING pc=0x000001332fefce80 sp=0x0000001d43efbc70
Event: 12.813 Thread 0x0000013323e5b000 DEOPT UNPACKING pc=0x00000133279683af sp=0x0000001d43efbbe0 mode 2
Event: 12.831 Thread 0x0000013323e5b000 Uncommon trap: trap_request=0xffffffde fr.pc=0x000001332f767534 relative=0x0000000000001c54
Event: 12.831 Thread 0x0000013323e5b000 Uncommon trap: reason=class_check action=maybe_recompile pc=0x000001332f767534 method=org.jetbrains.kotlin.backend.common.ir.IrUtilsKt.remapTypeParameters(Lorg/jetbrains/kotlin/ir/types/IrType;Lorg/jetbrains/kotlin/ir/declarations/IrTypeParametersContaine
Event: 12.831 Thread 0x0000013323e5b000 DEOPT PACKING pc=0x000001332f767534 sp=0x0000001d43efc190
Event: 12.831 Thread 0x0000013323e5b000 DEOPT UNPACKING pc=0x00000133279683af sp=0x0000001d43efc108 mode 2
Event: 12.831 Thread 0x0000013323e5b000 Uncommon trap: trap_request=0xffffffde fr.pc=0x000001332f767534 relative=0x0000000000001c54
Event: 12.831 Thread 0x0000013323e5b000 Uncommon trap: reason=class_check action=maybe_recompile pc=0x000001332f767534 method=org.jetbrains.kotlin.backend.common.ir.IrUtilsKt.remapTypeParameters(Lorg/jetbrains/kotlin/ir/types/IrType;Lorg/jetbrains/kotlin/ir/declarations/IrTypeParametersContaine
Event: 12.831 Thread 0x0000013323e5b000 DEOPT PACKING pc=0x000001332f767534 sp=0x0000001d43efc270
Event: 12.831 Thread 0x0000013323e5b000 DEOPT UNPACKING pc=0x00000133279683af sp=0x0000001d43efc1e8 mode 2
Event: 12.832 Thread 0x0000013323e5b000 Uncommon trap: trap_request=0xffffffde fr.pc=0x000001332f767534 relative=0x0000000000001c54
Event: 12.832 Thread 0x0000013323e5b000 Uncommon trap: reason=class_check action=maybe_recompile pc=0x000001332f767534 method=org.jetbrains.kotlin.backend.common.ir.IrUtilsKt.remapTypeParameters(Lorg/jetbrains/kotlin/ir/types/IrType;Lorg/jetbrains/kotlin/ir/declarations/IrTypeParametersContaine
Event: 12.832 Thread 0x0000013323e5b000 DEOPT PACKING pc=0x000001332f767534 sp=0x0000001d43efc190
Event: 12.832 Thread 0x0000013323e5b000 DEOPT UNPACKING pc=0x00000133279683af sp=0x0000001d43efc108 mode 2
Event: 12.832 Thread 0x0000013323e5b000 Uncommon trap: trap_request=0xffffffde fr.pc=0x000001332f767534 relative=0x0000000000001c54
Event: 12.832 Thread 0x0000013323e5b000 Uncommon trap: reason=class_check action=maybe_recompile pc=0x000001332f767534 method=org.jetbrains.kotlin.backend.common.ir.IrUtilsKt.remapTypeParameters(Lorg/jetbrains/kotlin/ir/types/IrType;Lorg/jetbrains/kotlin/ir/declarations/IrTypeParametersContaine
Event: 12.832 Thread 0x0000013323e5b000 DEOPT PACKING pc=0x000001332f767534 sp=0x0000001d43efc190
Event: 12.832 Thread 0x0000013323e5b000 DEOPT UNPACKING pc=0x00000133279683af sp=0x0000001d43efc108 mode 2

Classes redefined (0 events):
No events

Internal exceptions (20 events):
Event: 4.886 Thread 0x0000013323e5b000 Exception <a 'java/lang/NoSuchMethodError'{0x0000000712f2ad60}: 'java.lang.Object java.lang.invoke.DirectMethodHandle$Holder.invokeStatic(java.lang.Object, int, java.lang.Object, java.lang.Object)'> (0x0000000712f2ad60) thrown at [./src/hotspot/share/interpreter/linkResolver.cpp, line 773]
Event: 5.050 Thread 0x0000013323e5b000 Implicit null exception at 0x000001332f7aefb6 to 0x000001332f7af260
Event: 5.050 Thread 0x0000013323e5b000 Implicit null exception at 0x000001332f4ec543 to 0x000001332f4ec6c8
Event: 5.058 Thread 0x0000013323e5b000 Exception <a 'java/lang/NoSuchMethodError'{0x000000071229faa0}: 'int java.lang.invoke.DirectMethodHandle$Holder.invokeStaticInit(java.lang.Object, int)'> (0x000000071229faa0) thrown at [./src/hotspot/share/interpreter/linkResolver.cpp, line 773]
Event: 5.111 Thread 0x0000013323e5b000 Implicit null exception at 0x000001332f7aaada to 0x000001332f7aace0
Event: 5.111 Thread 0x0000013323e5b000 Implicit null exception at 0x000001332f489b78 to 0x000001332f489c0a
Event: 5.318 Thread 0x0000013323e5b000 Exception <a 'java/lang/NoSuchMethodError'{0x0000000716089f38}: 'java.lang.Object java.lang.invoke.Invokers$Holder.linkToTargetMethod(java.lang.Object, java.lang.Object, java.lang.Object, int, int, java.lang.Object)'> (0x0000000716089f38) thrown at [./src/hotspot/share/interpreter/linkResolver.cpp, line 773]
Event: 5.344 Thread 0x0000013323e5b000 Exception <a 'java/lang/NoSuchMethodError'{0x0000000715fa9478}: 'java.lang.Object java.lang.invoke.DirectMethodHandle$Holder.invokeInterface(java.lang.Object, java.lang.Object, java.lang.Object)'> (0x0000000715fa9478) thrown at [./src/hotspot/share/interpreter/linkResolver.cpp, line 773]
Event: 5.344 Thread 0x0000013323e5b000 Exception <a 'java/lang/IncompatibleClassChangeError'{0x0000000715facea0}: Found class java.lang.Object, but interface was expected> (0x0000000715facea0) thrown at [./src/hotspot/share/interpreter/linkResolver.cpp, line 839]
Event: 5.980 Thread 0x0000013323e5b000 Implicit null exception at 0x000001332f44ae74 to 0x000001332f44b39c
Event: 6.078 Thread 0x0000013323e5b000 Exception <a 'java/lang/NoSuchMethodError'{0x0000000713bf5d60}: 'java.lang.Object java.lang.invoke.Invokers$Holder.linkToTargetMethod(java.lang.Object, java.lang.Object, java.lang.Object, java.lang.Object, java.lang.Object, java.lang.Object, java.lang.Object)'> (0x0000000713bf5d60) thrown at [./src/hotspot/share/interpreter/linkResolver.cpp, line 773]
Event: 8.533 Thread 0x0000013323e5b000 Implicit null exception at 0x000001332f822101 to 0x000001332f822a04
Event: 9.881 Thread 0x0000013323e5b000 Implicit null exception at 0x000001332f485af5 to 0x000001332f485cd8
Event: 10.082 Thread 0x0000013323e5b000 Implicit null exception at 0x000001332fc7fe74 to 0x000001332fc801c4
Event: 10.083 Thread 0x0000013323e5b000 Implicit null exception at 0x000001332f7aa2fb to 0x000001332f7aa5e4
Event: 10.248 Thread 0x0000013323e5b000 Exception <a 'java/lang/NoSuchMethodError'{0x00000007114fd290}: 'java.lang.Object java.lang.invoke.DirectMethodHandle$Holder.invokeStaticInit(java.lang.Object, java.lang.Object, java.lang.Object, java.lang.Object)'> (0x00000007114fd290) thrown at [./src/hotspot/share/interpreter/linkResolver.cpp, line 773]
Event: 10.378 Thread 0x0000013323e5b000 Exception <a 'java/lang/NoSuchMethodError'{0x000000071078dfe0}: 'int java.lang.invoke.DirectMethodHandle$Holder.invokeStaticInit(java.lang.Object, java.lang.Object, java.lang.Object, java.lang.Object)'> (0x000000071078dfe0) thrown at [./src/hotspot/share/interpreter/linkResolver.cpp, line 773]
Event: 10.683 Thread 0x0000013323e5b000 Implicit null exception at 0x000001332f493c74 to 0x000001332f493ea4
Event: 12.503 Thread 0x0000013323e5b000 Implicit null exception at 0x000001332fea3472 to 0x000001332fea3519
Event: 12.506 Thread 0x0000013323e5b000 Implicit null exception at 0x000001332fe4a05d to 0x000001332fe4a4e0

Events (20 events):
Event: 12.779 loading class org/jetbrains/kotlin/codegen/inline/SMAP$special$$inlined$sortedBy$1
Event: 12.779 loading class org/jetbrains/kotlin/codegen/inline/SMAP$special$$inlined$sortedBy$1 done
Event: 12.779 loading class org/jetbrains/kotlin/codegen/inline/SMAP$findRange$index$1
Event: 12.779 loading class org/jetbrains/kotlin/codegen/inline/SMAP$findRange$index$1 done
Event: 12.779 loading class org/jetbrains/kotlin/codegen/inline/SourcePosition
Event: 12.779 loading class org/jetbrains/kotlin/codegen/inline/SourcePosition done
Event: 12.780 loading class org/jetbrains/kotlin/codegen/optimization/nullCheck/RedundantNullCheckMethodTransformerKt
Event: 12.780 loading class org/jetbrains/kotlin/codegen/optimization/nullCheck/RedundantNullCheckMethodTransformerKt done
Event: 12.797 loading class org/jetbrains/kotlin/backend/jvm/MemoizedInlineClassReplacements$createMethodReplacement$1
Event: 12.797 loading class org/jetbrains/kotlin/backend/jvm/MemoizedInlineClassReplacements$createMethodReplacement$1 done
Event: 12.832 loading class org/jetbrains/kotlin/backend/common/lower/DefaultParameterInjector$visitFunctionAccessExpression$1
Event: 12.832 loading class org/jetbrains/kotlin/backend/common/lower/DefaultParameterInjector$visitFunctionAccessExpression$1 done
Event: 12.832 loading class org/jetbrains/kotlin/backend/common/lower/DefaultParameterInjector$visitFunctionAccessExpression$2$1
Event: 12.832 loading class org/jetbrains/kotlin/backend/common/lower/DefaultParameterInjector$visitFunctionAccessExpression$2$1 done
Event: 12.855 Executing VM operation: ICBufferFull
Event: 12.855 Executing VM operation: ICBufferFull done
Event: 12.856 loading class org/jetbrains/kotlin/backend/jvm/lower/SyntheticAccessorLowering$FunctionKey
Event: 12.856 loading class org/jetbrains/kotlin/backend/jvm/lower/SyntheticAccessorLowering$FunctionKey done
Event: 12.857 loading class org/jetbrains/kotlin/backend/jvm/intrinsics/IrIntrinsicFunctionKt
Event: 12.857 loading class org/jetbrains/kotlin/backend/jvm/intrinsics/IrIntrinsicFunctionKt done


Dynamic libraries:
0x00007ff7f3510000 - 0x00007ff7f351a000 	D:\Android\jre\bin\java.exe
0x00007ffff5cd0000 - 0x00007ffff5ec5000 	C:\Windows\SYSTEM32\ntdll.dll
0x00007ffff5810000 - 0x00007ffff58ce000 	C:\Windows\System32\KERNEL32.DLL
0x00007ffff3790000 - 0x00007ffff3a58000 	C:\Windows\System32\KERNELBASE.dll
0x00007ffff3640000 - 0x00007ffff3740000 	C:\Windows\System32\ucrtbase.dll
0x00007fffea790000 - 0x00007fffea7a7000 	D:\Android\jre\bin\VCRUNTIME140.dll
0x00007fffe4ca0000 - 0x00007fffe4cb9000 	D:\Android\jre\bin\jli.dll
0x00007ffff3d30000 - 0x00007ffff3ed0000 	C:\Windows\System32\USER32.dll
0x00007ffff3a60000 - 0x00007ffff3a82000 	C:\Windows\System32\win32u.dll
0x00007fffea840000 - 0x00007fffeaada000 	C:\Windows\WinSxS\amd64_microsoft.windows.common-controls_6595b64144ccf1df_6.0.19041.1110_none_60b5254171f9507e\COMCTL32.dll
0x00007ffff4f60000 - 0x00007ffff4f8b000 	C:\Windows\System32\GDI32.dll
0x00007ffff59a0000 - 0x00007ffff5a3e000 	C:\Windows\System32\msvcrt.dll
0x00007ffff34c0000 - 0x00007ffff35cb000 	C:\Windows\System32\gdi32full.dll
0x00007ffff33f0000 - 0x00007ffff348d000 	C:\Windows\System32\msvcp_win.dll
0x00007ffff5230000 - 0x00007ffff5260000 	C:\Windows\System32\IMM32.DLL
0x00007fffbfe60000 - 0x00007fffbfefd000 	D:\Android\jre\bin\msvcp140.dll
0x00007fffb39a0000 - 0x00007fffb4475000 	D:\Android\jre\bin\server\jvm.dll
0x00007ffff5be0000 - 0x00007ffff5c8e000 	C:\Windows\System32\ADVAPI32.dll
0x00007ffff4ec0000 - 0x00007ffff4f5c000 	C:\Windows\System32\sechost.dll
0x00007ffff5aa0000 - 0x00007ffff5bc5000 	C:\Windows\System32\RPCRT4.dll
0x00007ffff5bd0000 - 0x00007ffff5bd8000 	C:\Windows\System32\PSAPI.DLL
0x00007fffdafa0000 - 0x00007fffdafc7000 	C:\Windows\SYSTEM32\WINMM.dll
0x00007fffedbf0000 - 0x00007fffedbfa000 	C:\Windows\SYSTEM32\VERSION.dll
0x00007fffe4e00000 - 0x00007fffe4e09000 	C:\Windows\SYSTEM32\WSOCK32.dll
0x00007ffff58d0000 - 0x00007ffff593b000 	C:\Windows\System32\WS2_32.dll
0x00007ffff1ce0000 - 0x00007ffff1cf2000 	C:\Windows\SYSTEM32\kernel.appcore.dll
0x00007fffed4f0000 - 0x00007fffed501000 	D:\Android\jre\bin\verify.dll
0x00007ffff1710000 - 0x00007ffff18f4000 	C:\Windows\SYSTEM32\DBGHELP.DLL
0x00007fffe5990000 - 0x00007fffe59bc000 	C:\Windows\SYSTEM32\dbgcore.DLL
0x00007ffff3ca0000 - 0x00007ffff3d22000 	C:\Windows\System32\bcryptPrimitives.dll
0x00007fffea810000 - 0x00007fffea839000 	D:\Android\jre\bin\java.dll
0x00007fffeeb50000 - 0x00007fffeeb5b000 	D:\Android\jre\bin\jimage.dll
0x00007fffebef0000 - 0x00007fffebf08000 	D:\Android\jre\bin\zip.dll
0x00007ffff4090000 - 0x00007ffff47d4000 	C:\Windows\System32\SHELL32.dll
0x00007ffff0ea0000 - 0x00007ffff1634000 	C:\Windows\SYSTEM32\windows.storage.dll
0x00007ffff4b40000 - 0x00007ffff4e94000 	C:\Windows\System32\combase.dll
0x00007ffff2e50000 - 0x00007ffff2e7c000 	C:\Windows\SYSTEM32\Wldp.dll
0x00007ffff5180000 - 0x00007ffff522d000 	C:\Windows\System32\SHCORE.dll
0x00007ffff3ed0000 - 0x00007ffff3f25000 	C:\Windows\System32\shlwapi.dll
0x00007ffff3330000 - 0x00007ffff334f000 	C:\Windows\SYSTEM32\profapi.dll
0x00007fffea7f0000 - 0x00007fffea80a000 	D:\Android\jre\bin\net.dll
0x00007fffedc40000 - 0x00007fffedd49000 	C:\Windows\SYSTEM32\WINHTTP.dll
0x00007ffff2bb0000 - 0x00007ffff2c1a000 	C:\Windows\system32\mswsock.dll
0x00007fffea7d0000 - 0x00007fffea7e4000 	D:\Android\jre\bin\nio.dll

dbghelp: loaded successfully - version: 4.0.5 - missing functions: none
symbol engine: initialized successfully - sym options: 0x614 - pdb path: .;D:\Android\jre\bin;C:\Windows\SYSTEM32;C:\Windows\WinSxS\amd64_microsoft.windows.common-controls_6595b64144ccf1df_6.0.19041.1110_none_60b5254171f9507e;D:\Android\jre\bin\server

VM Arguments:
java_command: org.jetbrains.kotlin.cli.jvm.K2JVMCompiler @D:\Projets JetPack\WebAgenda3\app\build\20220330_9919158814298673115.compiler.options
java_class_path (initial): C:\Users\p-gar\.gradle\caches\modules-2\files-2.1\org.jetbrains.kotlin\kotlin-compiler-embeddable\1.6.10\88f2073f4020cdb83132cfe940ceb9a60aba54ea\kotlin-compiler-embeddable-1.6.10.jar;C:\Users\p-gar\.gradle\caches\modules-2\files-2.1\org.jetbrains.kotlin\kotlin-reflect\1.6.10\1cbe9c92c12a94eea200d23c2bbaedaf3daf5132\kotlin-reflect-1.6.10.jar;C:\Users\p-gar\.gradle\caches\modules-2\files-2.1\org.jetbrains.kotlin\kotlin-stdlib\1.6.10\b8af3fe6f1ca88526914929add63cf5e7c5049af\kotlin-stdlib-1.6.10.jar;C:\Users\p-gar\.gradle\caches\modules-2\files-2.1\org.jetbrains.kotlin\kotlin-script-runtime\1.6.10\d0a7ff2e2500ef497ed0214ae40ad3c8387a6164\kotlin-script-runtime-1.6.10.jar;C:\Users\p-gar\.gradle\caches\modules-2\files-2.1\org.jetbrains.kotlin\kotlin-daemon-embeddable\1.6.10\a56d79bcbea411fa6058e4ecffc2de73e742bd2a\kotlin-daemon-embeddable-1.6.10.jar;C:\Users\p-gar\.gradle\caches\modules-2\files-2.1\org.jetbrains.intellij.deps\trove4j\1.0.20181211\216c2e14b070f334479d800987affe4054cd563f\trove4j-1.0.20181211.jar;C:\Users\p-gar\.gradle\caches\modules-2\files-2.1\net.java.dev.jna\jna\5.6.0\330f2244e9030119ab3030fc3fededc86713d9cc\jna-5.6.0.jar;C:\Users\p-gar\.gradle\caches\modules-2\files-2.1\org.jetbrains\annotations\13.0\919f0dfe192fb4e063e7dacadee7f8bb9a2672a9\annotations-13.0.jar;C:\Users\p-gar\.gradle\caches\modules-2\files-2.1\org.jetbrains.kotlin\kotlin-stdlib-common\1.6.10\c118700e3a33c8a0d9adc920e9dec0831171925\kotlin-stdlib-common-1.6.10.jar
Launcher Type: SUN_STANDARD

[Global flags]
     intx CICompilerCount                          = 4                                         {product} {ergonomic}
     uint ConcGCThreads                            = 2                                         {product} {ergonomic}
     uint G1ConcRefinementThreads                  = 8                                         {product} {ergonomic}
   size_t G1HeapRegionSize                         = 1048576                                   {product} {ergonomic}
    uintx GCDrainStackTargetSize                   = 64                                        {product} {ergonomic}
   size_t InitialHeapSize                          = 266338304                                 {product} {ergonomic}
   size_t MarkStackSize                            = 4194304                                   {product} {ergonomic}
   size_t MaxHeapSize                              = 4242538496                                {product} {ergonomic}
   size_t MaxNewSize                               = 2544893952                                {product} {ergonomic}
   size_t MinHeapDeltaBytes                        = 1048576                                   {product} {ergonomic}
    uintx NonNMethodCodeHeapSize                   = 5836300                                {pd product} {ergonomic}
    uintx NonProfiledCodeHeapSize                  = 122910970                              {pd product} {ergonomic}
    uintx ProfiledCodeHeapSize                     = 122910970                              {pd product} {ergonomic}
    uintx ReservedCodeCacheSize                    = 251658240                              {pd product} {ergonomic}
     bool SegmentedCodeCache                       = true                                      {product} {ergonomic}
     bool UseCompressedClassPointers               = true                                 {lp64_product} {ergonomic}
     bool UseCompressedOops                        = true                                 {lp64_product} {ergonomic}
     bool UseG1GC                                  = true                                      {product} {ergonomic}
     bool UseLargePagesIndividualAllocation        = false                                  {pd product} {ergonomic}

Logging:
Log output configuration:
 #0: stdout all=warning uptime,level,tags
 #1: stderr all=off uptime,level,tags

Environment Variables:
PATH=C:\Program Files\Microsoft\jdk-11.0.12.7-hotspot\bin;C:\Python310\Scripts\;C:\Python310\;D:\ProgramData\Anaconda3;D:\ProgramData\Anaconda3\Library\mingw-w64\bin;D:\ProgramData\Anaconda3\Library\usr\bin;D:\ProgramData\Anaconda3\Library\bin;D:\ProgramData\Anaconda3\Scripts;D:\drivers\chromedriver;C:\Windows\system32;C:\ProgramData\chocolatey\bin;C:\Program Files\dotnet\;C:\Program Files\Microsoft SQL Server\150\Tools\Binn\;C:\Program Files\Microsoft SQL Server\Client SDK\ODBC\170\Tools\Binn\;D:\Program Files\nodejs\;C:\Users\p-gar\AppData\Local\Programs\Python\Python37-32\Scripts\;C:\Users\p-gar\AppData\Local\Programs\Python\Python37-32\;C:\Users\p-gar\AppData\Local\Microsoft\WindowsApps;D:\Program Files\JetBrains\PyCharm Community Edition 2021.3.2\bin;;D:\Microsoft VS Code\bin;C:\Users\p-gar\AppData\Local\GitHubDesktop\bin;C:\Program Files\VideoLAN\VLC;D:\Program Files\JetBrains\IntelliJ IDEA Community Edition 2021.3.2\bin;;C:\Users\p-gar\.dotnet\tools;C:\Users\p-gar\AppData\Roaming\npm
USERNAME=garcia
OS=Windows_NT
PROCESSOR_IDENTIFIER=Intel64 Family 6 Model 140 Stepping 1, GenuineIntel



---------------  S Y S T E M  ---------------

OS: Windows 10 , 64 bit Build 19041 (10.0.19041.1566)
OS uptime: 11 days 19:11 hours

CPU:total 8 (initial active 8) (4 cores per cpu, 2 threads per core) family 6 model 140 stepping 1 microcode 0x6e, cmov, cx8, fxsr, mmx, sse, sse2, sse3, ssse3, sse4.1, sse4.2, popcnt, avx, avx2, aes, clmul, erms, 3dnowpref, lzcnt, ht, tsc, tscinvbit, bmi1, bmi2, adx, evex, sha, fma

Memory: 4k page, system-wide physical 16183M (496M free)
TotalPageFile size 31543M (AvailPageFile size 5M)
current process WorkingSet (physical memory assigned to process): 576M, peak: 576M
current process commit charge ("private bytes"): 683M, peak: 683M

vm_info: OpenJDK 64-Bit Server VM (11.0.11+9-b60-7590822) for windows-amd64 JRE (11.0.11+9-b60-7590822), built on Jul 29 2021 21:43:44 by "builder" with MS VC++ 14.0 (VS2015)

END.
